"C:/UnrealProjects/Anders_GP3/FG21FT_GP3_Team_06/GP3_2022_Team06/Content/FMOD/Banks/Master.uasset" 0
"C:/UnrealProjects/Anders_GP3/FG21FT_GP3_Team_06/GP3_2022_Team06/Content/FMOD/Banks/Master.uexp" 1
"C:/UnrealProjects/Anders_GP3/FG21FT_GP3_Team_06/GP3_2022_Team06/Content/FMOD/Buses/Reverb.uasset" 2
"C:/UnrealProjects/Anders_GP3/FG21FT_GP3_Team_06/GP3_2022_Team06/Content/FMOD/Buses/Reverb.uexp" 3
"C:/UnrealProjects/Anders_GP3/FG21FT_GP3_Team_06/GP3_2022_Team06/Content/FMOD/Events/player/glitch_fail.uasset" 4
"C:/UnrealProjects/Anders_GP3/FG21FT_GP3_Team_06/GP3_2022_Team06/Content/FMOD/Events/player/glitch_fail.uexp" 5
"C:/UnrealProjects/Anders_GP3/FG21FT_GP3_Team_06/GP3_2022_Team06/Content/FMOD/Events/player/glitch_static.uasset" 6
"C:/UnrealProjects/Anders_GP3/FG21FT_GP3_Team_06/GP3_2022_Team06/Content/FMOD/Events/player/glitch_static.uexp" 7
"C:/UnrealProjects/Anders_GP3/FG21FT_GP3_Team_06/GP3_2022_Team06/Content/FMOD/Events/UI/button_click.uasset" 8
"C:/UnrealProjects/Anders_GP3/FG21FT_GP3_Team_06/GP3_2022_Team06/Content/FMOD/Events/UI/button_click.uexp" 9
"C:/UnrealProjects/Anders_GP3/FG21FT_GP3_Team_06/GP3_2022_Team06/Content/FMOD/Events/UI/button_hover.uasset" 10
"C:/UnrealProjects/Anders_GP3/FG21FT_GP3_Team_06/GP3_2022_Team06/Content/FMOD/Events/UI/button_hover.uexp" 11
"C:/UnrealProjects/Anders_GP3/FG21FT_GP3_Team_06/GP3_2022_Team06/Content/FMOD/PrivateIntegrationData/AssetLookup.uasset" 12
"C:/UnrealProjects/Anders_GP3/FG21FT_GP3_Team_06/GP3_2022_Team06/Content/FMOD/PrivateIntegrationData/AssetLookup.uexp" 13
"C:/UnrealProjects/Anders_GP3/FG21FT_GP3_Team_06/GP3_2022_Team06/Content/FMOD/PrivateIntegrationData/BankLookup.uasset" 14
"C:/UnrealProjects/Anders_GP3/FG21FT_GP3_Team_06/GP3_2022_Team06/Content/FMOD/PrivateIntegrationData/BankLookup.uexp" 15
"../../../Engine/Content/EngineMaterials/T_Default_Material_Grid_N.uasset" 16
"../../../Engine/Content/EngineMaterials/T_Default_Material_Grid_N.uexp" 17
"../../../Engine/Content/EngineMaterials/T_Default_Material_Grid_N.ubulk" 18
"../../../Engine/Content/EngineMaterials/T_Default_Material_Grid_M.uasset" 19
"../../../Engine/Content/EngineMaterials/T_Default_Material_Grid_M.uexp" 20
"../../../Engine/Content/EngineMaterials/T_Default_Material_Grid_M.ubulk" 21
"../../../Engine/Content/Functions/Engine_MaterialFunctions01/Opacity/CameraDepthFade.uasset" 22
"../../../Engine/Content/Functions/Engine_MaterialFunctions01/Opacity/CameraDepthFade.uexp" 23
"../../../Engine/Content/EngineMaterials/WorldGridMaterial.uasset" 24
"../../../Engine/Content/EngineMaterials/WorldGridMaterial.uexp" 25
"../../../Engine/Content/ArtTools/RenderToTexture/Meshes/S_1_Unit_Plane.uasset" 26
"../../../Engine/Content/ArtTools/RenderToTexture/Meshes/S_1_Unit_Plane.uexp" 27
"../../../Engine/Content/BasicShapes/Cube.uasset" 28
"../../../Engine/Content/BasicShapes/Cube.uexp" 29
"../../../Engine/Content/BasicShapes/Plane.uasset" 30
"../../../Engine/Content/BasicShapes/Plane.uexp" 31
"../../../Engine/Content/EngineMaterials/DefaultMaterial.uasset" 32
"../../../Engine/Content/EngineMaterials/DefaultMaterial.uexp" 33
"../../../Engine/Content/BasicShapes/Sphere.uasset" 34
"../../../Engine/Content/BasicShapes/Sphere.uexp" 35
"../../../Engine/Content/EditorLandscapeResources/DataLayer.uasset" 36
"../../../Engine/Content/EditorLandscapeResources/DataLayer.uexp" 37
"../../../Engine/Content/EditorLandscapeResources/DefaultAlphaTexture.uasset" 38
"../../../Engine/Content/EditorLandscapeResources/DefaultAlphaTexture.uexp" 39
"../../../Engine/Content/EditorMaterials/MAT_Groups_Toggle.uasset" 40
"../../../Engine/Content/EditorMaterials/MAT_Groups_Toggle.uexp" 41
"../../../Engine/Content/EditorMaterials/MAT_Groups_Visibility.uasset" 42
"../../../Engine/Content/EditorMaterials/MAT_Groups_Visibility.uexp" 43
"../../../Engine/Content/EditorMaterials/PreviewShadowIndicator.uasset" 44
"../../../Engine/Content/EditorMaterials/PreviewShadowIndicator.uexp" 45
"../../../Engine/Content/EditorMaterials/PreviewShadowIndicator.ubulk" 46
"../../../Engine/Content/EditorMaterials/PreviewShadowIndicatorMaterial.uasset" 47
"../../../Engine/Content/EditorMaterials/PreviewShadowIndicatorMaterial.uexp" 48
"../../../Engine/Content/EditorMaterials/MatineeGroups/MAT_ColorTrack.uasset" 49
"../../../Engine/Content/EditorMaterials/MatineeGroups/MAT_ColorTrack.uexp" 50
"../../../Engine/Content/EditorMaterials/MatineeGroups/MAT_Groups_Anim.uasset" 51
"../../../Engine/Content/EditorMaterials/MatineeGroups/MAT_Groups_Anim.uexp" 52
"../../../Engine/Content/EditorMaterials/MatineeGroups/MAT_Groups_AudioMaster.uasset" 53
"../../../Engine/Content/EditorMaterials/MatineeGroups/MAT_Groups_AudioMaster.uexp" 54
"../../../Engine/Content/EditorMaterials/MatineeGroups/MAT_Groups_Director.uasset" 55
"../../../Engine/Content/EditorMaterials/MatineeGroups/MAT_Groups_Director.uexp" 56
"../../../Engine/Content/EditorMaterials/MatineeGroups/MAT_Groups_Event.uasset" 57
"../../../Engine/Content/EditorMaterials/MatineeGroups/MAT_Groups_Event.uexp" 58
"../../../Engine/Content/EditorMaterials/MatineeGroups/MAT_Groups_Fade.uasset" 59
"../../../Engine/Content/EditorMaterials/MatineeGroups/MAT_Groups_Fade.uexp" 60
"../../../Engine/Content/EditorMaterials/MatineeGroups/MAT_Groups_Float.uasset" 61
"../../../Engine/Content/EditorMaterials/MatineeGroups/MAT_Groups_Float.uexp" 62
"../../../Engine/Content/EditorMaterials/MatineeGroups/MAT_Groups_Move.uasset" 63
"../../../Engine/Content/EditorMaterials/MatineeGroups/MAT_Groups_Move.uexp" 64
"../../../Engine/Content/EditorMaterials/MatineeGroups/MAT_Groups_Slomo.uasset" 65
"../../../Engine/Content/EditorMaterials/MatineeGroups/MAT_Groups_Slomo.uexp" 66
"../../../Engine/Content/EditorMaterials/MatineeGroups/MAT_Groups_Sound.uasset" 67
"../../../Engine/Content/EditorMaterials/MatineeGroups/MAT_Groups_Sound.uexp" 68
"../../../Engine/Content/EditorMaterials/MatineeGroups/MAT_Groups_Vector.uasset" 69
"../../../Engine/Content/EditorMaterials/MatineeGroups/MAT_Groups_Vector.uexp" 70
"../../../Engine/Content/EditorMaterials/ParticleSystems/PSysThumbnail_NoImage.uasset" 71
"../../../Engine/Content/EditorMaterials/ParticleSystems/PSysThumbnail_NoImage.uexp" 72
"../../../Engine/Content/EditorMaterials/ParticleSystems/PSysThumbnail_NoImage.ubulk" 73
"../../../Engine/Content/EditorMaterials/ParticleSystems/PSysThumbnail_OOD.uasset" 74
"../../../Engine/Content/EditorMaterials/ParticleSystems/PSysThumbnail_OOD.uexp" 75
"../../../Engine/Content/EditorMaterials/ParticleSystems/PSysThumbnail_OOD.ubulk" 76
"../../../Engine/Content/EditorMaterials/Camera/CineMat.uasset" 77
"../../../Engine/Content/EditorMaterials/Camera/CineMat.uexp" 78
"../../../Engine/Content/EditorMaterials/Camera/MI_CineMat_Rig.uasset" 79
"../../../Engine/Content/EditorMaterials/Camera/MI_CineMat_Rig.uexp" 80
"../../../Engine/Content/EditorMeshes/Camera/SM_CraneRig_Arm.uasset" 81
"../../../Engine/Content/EditorMeshes/Camera/SM_CraneRig_Arm.uexp" 82
"../../../Engine/Content/EditorMeshes/Camera/SM_CraneRig_Base.uasset" 83
"../../../Engine/Content/EditorMeshes/Camera/SM_CraneRig_Base.uexp" 84
"../../../Engine/Content/EditorMeshes/Camera/SM_CraneRig_Body.uasset" 85
"../../../Engine/Content/EditorMeshes/Camera/SM_CraneRig_Body.uexp" 86
"../../../Engine/Content/EditorMeshes/Camera/SM_CraneRig_Mount.uasset" 87
"../../../Engine/Content/EditorMeshes/Camera/SM_CraneRig_Mount.uexp" 88
"../../../Engine/Content/EditorMeshes/Camera/SM_RailRig_Mount.uasset" 89
"../../../Engine/Content/EditorMeshes/Camera/SM_RailRig_Mount.uexp" 90
"../../../Engine/Content/EditorMeshes/Camera/SM_RailRig_Track.uasset" 91
"../../../Engine/Content/EditorMeshes/Camera/SM_RailRig_Track.uexp" 92
"../../../Engine/Content/EditorResources/BSPVertex.uasset" 93
"../../../Engine/Content/EditorResources/BSPVertex.uexp" 94
"../../../Engine/Content/EditorResources/EmptyActor.uasset" 95
"../../../Engine/Content/EditorResources/EmptyActor.uexp" 96
"../../../Engine/Content/EditorResources/S_Actor.uasset" 97
"../../../Engine/Content/EditorResources/S_Actor.uexp" 98
"../../../Engine/Content/EditorResources/S_Actor.ubulk" 99
"../../../Engine/Content/EditorResources/S_Note.uasset" 100
"../../../Engine/Content/EditorResources/S_Note.uexp" 101
"../../../Engine/Content/EditorResources/S_Note.ubulk" 102
"../../../Engine/Content/EditorResources/S_Solver.uasset" 103
"../../../Engine/Content/EditorResources/S_Solver.uexp" 104
"../../../Engine/Content/EditorResources/S_Solver.ubulk" 105
"../../../Engine/Content/EditorResources/S_Terrain.uasset" 106
"../../../Engine/Content/EditorResources/S_Terrain.uexp" 107
"../../../Engine/Content/EditorResources/S_Terrain.ubulk" 108
"../../../Engine/Content/EditorResources/S_Trigger.uasset" 109
"../../../Engine/Content/EditorResources/S_Trigger.uexp" 110
"../../../Engine/Content/EditorResources/S_Trigger.ubulk" 111
"../../../Engine/Content/EditorResources/AudioIcons/S_AudioComponent.uasset" 112
"../../../Engine/Content/EditorResources/AudioIcons/S_AudioComponent.uexp" 113
"../../../Engine/Content/EditorResources/AudioIcons/S_AudioComponent.ubulk" 114
"../../../Engine/Content/EditorResources/AudioIcons/S_AudioComponent_AutoActivate.uasset" 115
"../../../Engine/Content/EditorResources/AudioIcons/S_AudioComponent_AutoActivate.uexp" 116
"../../../Engine/Content/EditorResources/AudioIcons/S_AudioComponent_AutoActivate.ubulk" 117
"../../../Engine/Content/EditorResources/LightIcons/S_LightError.uasset" 118
"../../../Engine/Content/EditorResources/LightIcons/S_LightError.uexp" 119
"../../../Engine/Content/EditorResources/SequenceRecorder/Countdown.uasset" 120
"../../../Engine/Content/EditorResources/SequenceRecorder/Countdown.uexp" 121
"../../../Engine/Content/EditorResources/SequenceRecorder/RecordingIndicator.uasset" 122
"../../../Engine/Content/EditorResources/SequenceRecorder/RecordingIndicator.uexp" 123
"../../../Engine/Content/EngineDamageTypes/DmgTypeBP_Environmental.uasset" 124
"../../../Engine/Content/EngineDamageTypes/DmgTypeBP_Environmental.uexp" 125
"../../../Engine/Content/EngineDebugMaterials/DebugEditorMaterial.uasset" 126
"../../../Engine/Content/EngineDebugMaterials/DebugEditorMaterial.uexp" 127
"../../../Engine/Content/EngineDebugMaterials/DebugMeshMaterial.uasset" 128
"../../../Engine/Content/EngineDebugMaterials/DebugMeshMaterial.uexp" 129
"../../../Engine/Content/EngineDebugMaterials/M_SimpleUnlitTranslucent.uasset" 130
"../../../Engine/Content/EngineDebugMaterials/M_SimpleUnlitTranslucent.uexp" 131
"../../../Engine/Content/EngineDebugMaterials/VolumeToRender.uasset" 132
"../../../Engine/Content/EngineDebugMaterials/VolumeToRender.uexp" 133
"../../../Engine/Content/Functions/Engine_MaterialFunctions02/Utility/CameraDirectionVector.uasset" 134
"../../../Engine/Content/Functions/Engine_MaterialFunctions02/Utility/CameraDirectionVector.uexp" 135
"../../../Engine/Content/EngineDebugMaterials/M_VolumeRenderSphereTracePP.uasset" 136
"../../../Engine/Content/EngineDebugMaterials/M_VolumeRenderSphereTracePP.uexp" 137
"../../../Engine/Content/Functions/Engine_MaterialFunctions01/Shading/ConvertFromDiffSpec.uasset" 138
"../../../Engine/Content/Functions/Engine_MaterialFunctions01/Shading/ConvertFromDiffSpec.uexp" 139
"../../../Engine/Content/EngineDebugMaterials/VertexColorMaterial.uasset" 140
"../../../Engine/Content/EngineDebugMaterials/VertexColorMaterial.uexp" 141
"../../../Engine/Content/EngineDebugMaterials/WireframeMaterial.uasset" 142
"../../../Engine/Content/EngineDebugMaterials/WireframeMaterial.uexp" 143
"../../../Engine/Content/EngineFonts/Faces/RobotoRegular.uasset" 144
"../../../Engine/Content/EngineFonts/Faces/RobotoRegular.uexp" 145
"../../../Engine/Content/EngineFonts/Faces/RobotoRegular.ufont" 146
"../../../Engine/Content/EngineFonts/Faces/RobotoLight.uasset" 147
"../../../Engine/Content/EngineFonts/Faces/RobotoLight.uexp" 148
"../../../Engine/Content/EngineFonts/Faces/RobotoLight.ufont" 149
"../../../Engine/Content/EngineFonts/Faces/RobotoItalic.uasset" 150
"../../../Engine/Content/EngineFonts/Faces/RobotoItalic.uexp" 151
"../../../Engine/Content/EngineFonts/Faces/RobotoItalic.ufont" 152
"../../../Engine/Content/EngineFonts/Faces/RobotoBoldItalic.uasset" 153
"../../../Engine/Content/EngineFonts/Faces/RobotoBoldItalic.uexp" 154
"../../../Engine/Content/EngineFonts/Faces/RobotoBoldItalic.ufont" 155
"../../../Engine/Content/EngineFonts/Faces/RobotoBold.uasset" 156
"../../../Engine/Content/EngineFonts/Faces/RobotoBold.uexp" 157
"../../../Engine/Content/EngineFonts/Faces/RobotoBold.ufont" 158
"../../../Engine/Content/EngineFonts/Faces/DroidSansFallback.uasset" 159
"../../../Engine/Content/EngineFonts/Faces/DroidSansFallback.uexp" 160
"../../../Engine/Content/EngineFonts/Faces/DroidSansFallback.ufont" 161
"../../../Engine/Content/EngineFonts/Roboto.uasset" 162
"../../../Engine/Content/EngineFonts/Roboto.uexp" 163
"../../../Engine/Content/EngineMaterials/BaseFlattenNormalMap.uasset" 164
"../../../Engine/Content/EngineMaterials/BaseFlattenNormalMap.uexp" 165
"../../../Engine/Content/EngineMaterials/BaseFlattenGrayscaleMap.uasset" 166
"../../../Engine/Content/EngineMaterials/BaseFlattenGrayscaleMap.uexp" 167
"../../../Engine/Content/EngineMaterials/BaseFlattenEmissiveMap.uasset" 168
"../../../Engine/Content/EngineMaterials/BaseFlattenEmissiveMap.uexp" 169
"../../../Engine/Content/EngineMaterials/BaseFlattenDiffuseMap.uasset" 170
"../../../Engine/Content/EngineMaterials/BaseFlattenDiffuseMap.uexp" 171
"../../../Engine/Content/EngineMaterials/BaseFlattenMaterial.uasset" 172
"../../../Engine/Content/EngineMaterials/BaseFlattenMaterial.uexp" 173
"../../../Engine/Content/EngineMaterials/BlueNoise.uasset" 174
"../../../Engine/Content/EngineMaterials/BlueNoise.uexp" 175
"../../../Engine/Content/EngineMaterials/DefaultBloomKernel.uasset" 176
"../../../Engine/Content/EngineMaterials/DefaultBloomKernel.uexp" 177
"../../../Engine/Content/EngineMaterials/DefaultBokeh.uasset" 178
"../../../Engine/Content/EngineMaterials/DefaultBokeh.uexp" 179
"../../../Engine/Content/EngineMaterials/DefaultDiffuse.uasset" 180
"../../../Engine/Content/EngineMaterials/DefaultDiffuse.uexp" 181
"../../../Engine/Content/EngineMaterials/DefaultDiffuse.ubulk" 182
"../../../Engine/Content/EngineMaterials/DefaultDeferredDecalMaterial.uasset" 183
"../../../Engine/Content/EngineMaterials/DefaultDeferredDecalMaterial.uexp" 184
"../../../Engine/Content/EngineMaterials/DefaultLightFunctionMaterial.uasset" 185
"../../../Engine/Content/EngineMaterials/DefaultLightFunctionMaterial.uexp" 186
"../../../Engine/Content/EngineMaterials/DefaultPhysicalMaterial.uasset" 187
"../../../Engine/Content/EngineMaterials/DefaultPhysicalMaterial.uexp" 188
"../../../Engine/Content/Functions/Engine_MaterialFunctions02/Utility/BreakOutFloat2Components.uasset" 189
"../../../Engine/Content/Functions/Engine_MaterialFunctions02/Utility/BreakOutFloat2Components.uexp" 190
"../../../Engine/Content/EngineMaterials/DefaultPostProcessMaterial.uasset" 191
"../../../Engine/Content/EngineMaterials/DefaultPostProcessMaterial.uexp" 192
"../../../Engine/Content/EngineFonts/RobotoDistanceField.uasset" 193
"../../../Engine/Content/EngineFonts/RobotoDistanceField.uexp" 194
"../../../Engine/Content/EngineMaterials/DefaultTextMaterialOpaque.uasset" 195
"../../../Engine/Content/EngineMaterials/DefaultTextMaterialOpaque.uexp" 196
"../../../Engine/Content/EngineMaterials/DefaultWhiteGrid.uasset" 197
"../../../Engine/Content/EngineMaterials/DefaultWhiteGrid.uexp" 198
"../../../Engine/Content/EngineMaterials/DefaultWhiteGrid.ubulk" 199
"../../../Engine/Content/EngineMaterials/DefaultWhiteGrid_Low.uasset" 200
"../../../Engine/Content/EngineMaterials/DefaultWhiteGrid_Low.uexp" 201
"../../../Engine/Content/EngineMaterials/EmissiveMeshMaterial.uasset" 202
"../../../Engine/Content/EngineMaterials/EmissiveMeshMaterial.uexp" 203
"../../../Engine/Content/EngineMaterials/GizmoMaterial.uasset" 204
"../../../Engine/Content/EngineMaterials/GizmoMaterial.uexp" 205
"../../../Engine/Content/EngineMaterials/Good64x64TilingNoiseHighFreq.uasset" 206
"../../../Engine/Content/EngineMaterials/Good64x64TilingNoiseHighFreq.uexp" 207
"../../../Engine/Content/EngineMaterials/MiniFont.uasset" 208
"../../../Engine/Content/EngineMaterials/MiniFont.uexp" 209
"../../../Engine/Content/EngineMaterials/InvalidLightmapSettings.uasset" 210
"../../../Engine/Content/EngineMaterials/InvalidLightmapSettings.uexp" 211
"../../../Engine/Content/EngineMaterials/InvalidLightmapSettings.ubulk" 212
"../../../Engine/Content/EngineMaterials/M_InvalidLightmapSettings.uasset" 213
"../../../Engine/Content/EngineMaterials/M_InvalidLightmapSettings.uexp" 214
"../../../Engine/Content/Functions/Engine_MaterialFunctions02/WorldPositionOffset/CameraOffset.uasset" 215
"../../../Engine/Content/Functions/Engine_MaterialFunctions02/WorldPositionOffset/CameraOffset.uexp" 216
"../../../Engine/Content/EngineMaterials/PhAT_JointLimitMaterial.uasset" 217
"../../../Engine/Content/EngineMaterials/PhAT_JointLimitMaterial.uexp" 218
"../../../Engine/Content/EngineMaterials/DefaultCalibrationColor.uasset" 219
"../../../Engine/Content/EngineMaterials/DefaultCalibrationColor.uexp" 220
"../../../Engine/Content/EngineMaterials/PPM_DefaultCalibrationColor.uasset" 221
"../../../Engine/Content/EngineMaterials/PPM_DefaultCalibrationColor.uexp" 222
"../../../Engine/Content/EngineMaterials/DefaultCalibrationGrayscale.uasset" 223
"../../../Engine/Content/EngineMaterials/DefaultCalibrationGrayscale.uexp" 224
"../../../Engine/Content/EngineMaterials/PPM_DefaultCalibrationGrayscale.uasset" 225
"../../../Engine/Content/EngineMaterials/PPM_DefaultCalibrationGrayscale.uexp" 226
"../../../Engine/Content/EngineMaterials/PreintegratedSkinBRDF.uasset" 227
"../../../Engine/Content/EngineMaterials/PreintegratedSkinBRDF.uexp" 228
"../../../Engine/Content/EngineMaterials/RemoveSurfaceMaterial.uasset" 229
"../../../Engine/Content/EngineMaterials/RemoveSurfaceMaterial.uexp" 230
"../../../Engine/Content/EngineMaterials/WeightMapPlaceholderTexture.uasset" 231
"../../../Engine/Content/EngineMaterials/WeightMapPlaceholderTexture.uexp" 232
"../../../Engine/Content/EngineResources/WhiteSquareTexture.uasset" 233
"../../../Engine/Content/EngineResources/WhiteSquareTexture.uexp" 234
"../../../Engine/Content/EngineMaterials/Widget3DPassThrough.uasset" 235
"../../../Engine/Content/EngineMaterials/Widget3DPassThrough.uexp" 236
"../../../Engine/Content/EngineMaterials/Widget3DPassThrough_Masked.uasset" 237
"../../../Engine/Content/EngineMaterials/Widget3DPassThrough_Masked.uexp" 238
"../../../Engine/Content/EngineMaterials/Widget3DPassThrough_Opaque.uasset" 239
"../../../Engine/Content/EngineMaterials/Widget3DPassThrough_Opaque.uexp" 240
"../../../Engine/Content/EngineMaterials/Widget3DPassThrough_Masked_OneSided.uasset" 241
"../../../Engine/Content/EngineMaterials/Widget3DPassThrough_Masked_OneSided.uexp" 242
"../../../Engine/Content/EngineMaterials/Widget3DPassThrough_Opaque_OneSided.uasset" 243
"../../../Engine/Content/EngineMaterials/Widget3DPassThrough_Opaque_OneSided.uexp" 244
"../../../Engine/Content/EngineMaterials/Widget3DPassThrough_Translucent.uasset" 245
"../../../Engine/Content/EngineMaterials/Widget3DPassThrough_Translucent.uexp" 246
"../../../Engine/Content/EngineMaterials/Widget3DPassThrough_Translucent_OneSided.uasset" 247
"../../../Engine/Content/EngineMaterials/Widget3DPassThrough_Translucent_OneSided.uexp" 248
"../../../Engine/Content/EngineMeshes/Cylinder.uasset" 249
"../../../Engine/Content/EngineMeshes/Cylinder.uexp" 250
"../../../Engine/Content/EngineMeshes/Sphere.uasset" 251
"../../../Engine/Content/EngineMeshes/Sphere.uexp" 252
"../../../Engine/Content/EngineResources/DefaultTexture.uasset" 253
"../../../Engine/Content/EngineResources/DefaultTexture.uexp" 254
"../../../Engine/Content/EngineResources/DefaultTexture.ubulk" 255
"../../../Engine/Content/EngineResources/DefaultTextureCube.uasset" 256
"../../../Engine/Content/EngineResources/DefaultTextureCube.uexp" 257
"../../../Engine/Content/EngineResources/DefaultVolumeTexture2D.uasset" 258
"../../../Engine/Content/EngineResources/DefaultVolumeTexture2D.uexp" 259
"../../../Engine/Content/EngineResources/DefaultVolumeTexture.uasset" 260
"../../../Engine/Content/EngineResources/DefaultVolumeTexture.uexp" 261
"../../../Engine/Content/EngineResources/GradientTexture0.uasset" 262
"../../../Engine/Content/EngineResources/GradientTexture0.uexp" 263
"../../../Engine/Content/EngineSky/VolumetricClouds/T_NoiseShape64.uasset" 264
"../../../Engine/Content/EngineSky/VolumetricClouds/T_NoiseShape64.uexp" 265
"../../../Engine/Content/EngineSky/VolumetricClouds/T_NoiseShape64.ubulk" 266
"../../../Engine/Content/EngineSky/VolumetricClouds/T_VolumeNoiseShape64.uasset" 267
"../../../Engine/Content/EngineSky/VolumetricClouds/T_VolumeNoiseShape64.uexp" 268
"../../../Engine/Content/EngineSky/VolumetricClouds/T_NoiseErosion.uasset" 269
"../../../Engine/Content/EngineSky/VolumetricClouds/T_NoiseErosion.uexp" 270
"../../../Engine/Content/EngineSky/VolumetricClouds/T_NoiseErosion.ubulk" 271
"../../../Engine/Content/EngineSky/VolumetricClouds/T_VolumeNoiseErosion32.uasset" 272
"../../../Engine/Content/EngineSky/VolumetricClouds/T_VolumeNoiseErosion32.uexp" 273
"../../../Engine/Content/EngineSky/VolumetricClouds/CloudWeatherTexture.uasset" 274
"../../../Engine/Content/EngineSky/VolumetricClouds/CloudWeatherTexture.uexp" 275
"../../../Engine/Content/EngineSky/VolumetricClouds/CloudGradientTexture.uasset" 276
"../../../Engine/Content/EngineSky/VolumetricClouds/CloudGradientTexture.uexp" 277
"../../../Engine/Content/Functions/Engine_MaterialFunctions02/Utility/MakeFloat2.uasset" 278
"../../../Engine/Content/Functions/Engine_MaterialFunctions02/Utility/MakeFloat2.uexp" 279
"../../../Engine/Content/EngineSky/VolumetricClouds/m_SimpleVolumetricCloud.uasset" 280
"../../../Engine/Content/EngineSky/VolumetricClouds/m_SimpleVolumetricCloud.uexp" 281
"../../../Engine/Content/EngineSky/VolumetricClouds/m_SimpleVolumetricCloud_Inst.uasset" 282
"../../../Engine/Content/EngineSky/VolumetricClouds/m_SimpleVolumetricCloud_Inst.uexp" 283
"../../../Engine/Content/EngineSounds/Master.uasset" 284
"../../../Engine/Content/EngineSounds/Master.uexp" 285
"../../../Engine/Content/Functions/Engine_MaterialFunctions01/Shading/PowerToRoughness.uasset" 286
"../../../Engine/Content/Functions/Engine_MaterialFunctions01/Shading/PowerToRoughness.uexp" 287
"../../../Engine/Content/Maps/Templates/Thumbnails/Default.uasset" 288
"../../../Engine/Content/Maps/Templates/Thumbnails/Default.uexp" 289
"../../../Engine/Content/Maps/Templates/Thumbnails/TimeOfDay.uasset" 290
"../../../Engine/Content/Maps/Templates/Thumbnails/TimeOfDay.uexp" 291
"../../../Engine/Content/Maps/Templates/Thumbnails/VR-Basic.uasset" 292
"../../../Engine/Content/Maps/Templates/Thumbnails/VR-Basic.uexp" 293
"../../../Engine/Content/MobileResources/T_MobileControls_texture.uasset" 294
"../../../Engine/Content/MobileResources/T_MobileControls_texture.uexp" 295
"../../../Engine/Content/MobileResources/T_MobileMenu2.uasset" 296
"../../../Engine/Content/MobileResources/T_MobileMenu2.uexp" 297
"../../../Engine/Content/MobileResources/HUD/AnalogHat.uasset" 298
"../../../Engine/Content/MobileResources/HUD/AnalogHat.uexp" 299
"../../../Engine/Content/MobileResources/HUD/VirtualJoystick_Thumb.uasset" 300
"../../../Engine/Content/MobileResources/HUD/VirtualJoystick_Thumb.uexp" 301
"../../../Engine/Content/MobileResources/HUD/VirtualJoystick_Background.uasset" 302
"../../../Engine/Content/MobileResources/HUD/VirtualJoystick_Background.uexp" 303
"../../../Engine/Content/MobileResources/HUD/DefaultVirtualJoysticks.uasset" 304
"../../../Engine/Content/MobileResources/HUD/DefaultVirtualJoysticks.uexp" 305
"../../../Engine/Content/MobileResources/HUD/LeftVirtualJoystickOnly.uasset" 306
"../../../Engine/Content/MobileResources/HUD/LeftVirtualJoystickOnly.uexp" 307
"../../../Engine/Content/MobileResources/HUD/MobileHUDButton1_off.uasset" 308
"../../../Engine/Content/MobileResources/HUD/MobileHUDButton1_off.uexp" 309
"../../../Engine/Content/MobileResources/HUD/MobileHUDButton1_on.uasset" 310
"../../../Engine/Content/MobileResources/HUD/MobileHUDButton1_on.uexp" 311
"../../../Engine/Content/MobileResources/HUD/MobileHUDButton2_off.uasset" 312
"../../../Engine/Content/MobileResources/HUD/MobileHUDButton2_off.uexp" 313
"../../../Engine/Content/MobileResources/HUD/MobileHUDButton2_on.uasset" 314
"../../../Engine/Content/MobileResources/HUD/MobileHUDButton2_on.uexp" 315
"../../../Engine/Content/MobileResources/HUD/MobileHUDButton3.uasset" 316
"../../../Engine/Content/MobileResources/HUD/MobileHUDButton3.uexp" 317
"../../../Engine/Content/MobileResources/HUD/MobileHUDButtonFire.uasset" 318
"../../../Engine/Content/MobileResources/HUD/MobileHUDButtonFire.uexp" 319
"../../../Engine/Content/MobileResources/HUD/MobileHUDDirectionPad.uasset" 320
"../../../Engine/Content/MobileResources/HUD/MobileHUDDirectionPad.uexp" 321
"../../../Engine/Content/MobileResources/HUD/MobileHUDDirectionPad2.uasset" 322
"../../../Engine/Content/MobileResources/HUD/MobileHUDDirectionPad2.uexp" 323
"../../../Engine/Content/MobileResources/HUD/MobileHUDDirectionPad3.uasset" 324
"../../../Engine/Content/MobileResources/HUD/MobileHUDDirectionPad3.uexp" 325
"../../../Engine/Content/MobileResources/HUD/MobileHUDDirectionStick.uasset" 326
"../../../Engine/Content/MobileResources/HUD/MobileHUDDirectionStick.uexp" 327
"../../../Engine/Content/MobileResources/HUD/T_Castle_ThumbstickInner.uasset" 328
"../../../Engine/Content/MobileResources/HUD/T_Castle_ThumbstickInner.uexp" 329
"../../../Engine/Content/MobileResources/HUD/T_Castle_ThumbstickOutter.uasset" 330
"../../../Engine/Content/MobileResources/HUD/T_Castle_ThumbstickOutter.uexp" 331
"../../../Engine/Content/Tutorial/ContentIntroCurve.uasset" 332
"../../../Engine/Content/Tutorial/ContentIntroCurve.uexp" 333
"../../../Engine/Content/Tutorial/Basics/TutorialAssets/icon_tab_Levels_40x.uasset" 334
"../../../Engine/Content/Tutorial/Basics/TutorialAssets/icon_tab_Levels_40x.uexp" 335
"../../../Engine/Content/VREditor/TransformGizmo/TranslucentTransformGizmoMaterial.uasset" 336
"../../../Engine/Content/VREditor/TransformGizmo/TranslucentTransformGizmoMaterial.uexp" 337
"../../../Engine/Content/VREditor/LaserPointer/VR_LaserPower_01.uasset" 338
"../../../Engine/Content/VREditor/LaserPointer/VR_LaserPower_01.uexp" 339
"../../../Engine/Content/VREditor/LaserPointer/VR_LaserPower_01.ubulk" 340
"../../../Engine/Content/VREditor/TransformGizmo/TransformGizmoMaterial.uasset" 341
"../../../Engine/Content/VREditor/TransformGizmo/TransformGizmoMaterial.uexp" 342
"../../../Engine/Content/VREditor/TransformGizmo/BoundingBoxCorner.uasset" 343
"../../../Engine/Content/VREditor/TransformGizmo/BoundingBoxCorner.uexp" 344
"../../../Engine/Content/VREditor/TransformGizmo/BoundingBoxEdge.uasset" 345
"../../../Engine/Content/VREditor/TransformGizmo/BoundingBoxEdge.uexp" 346
"../../../Engine/Content/VREditor/TransformGizmo/PlaneTranslationHandle.uasset" 347
"../../../Engine/Content/VREditor/TransformGizmo/PlaneTranslationHandle.uexp" 348
"../../../Engine/Content/VREditor/TransformGizmo/Xray.uasset" 349
"../../../Engine/Content/VREditor/TransformGizmo/Xray.uexp" 350
"../../../Engine/Content/VREditor/TransformGizmo/Main.uasset" 351
"../../../Engine/Content/VREditor/TransformGizmo/Main.uexp" 352
"../../../Engine/Content/VREditor/TransformGizmo/SM_Sequencer_Key.uasset" 353
"../../../Engine/Content/VREditor/TransformGizmo/SM_Sequencer_Key.uexp" 354
"../../../Engine/Content/VREditor/TransformGizmo/SM_Sequencer_Node.uasset" 355
"../../../Engine/Content/VREditor/TransformGizmo/SM_Sequencer_Node.uexp" 356
"../../../Engine/Plugins/2D/Paper2D/Content/PlaceholderTextures/DummySpriteTexture.uasset" 357
"../../../Engine/Plugins/2D/Paper2D/Content/PlaceholderTextures/DummySpriteTexture.uexp" 358
"../../../Engine/Plugins/2D/Paper2D/Content/PlaceholderTextures/DummySpriteTexture.ubulk" 359
"../../../Engine/Plugins/2D/Paper2D/Content/DummySprite.uasset" 360
"../../../Engine/Plugins/2D/Paper2D/Content/DummySprite.uexp" 361
"../../../Engine/Plugins/2D/Paper2D/Content/DefaultPaperTerrainMaterial.uasset" 362
"../../../Engine/Plugins/2D/Paper2D/Content/DefaultPaperTerrainMaterial.uexp" 363
"../../../Engine/Plugins/2D/Paper2D/Content/DefaultSpriteMaterial.uasset" 364
"../../../Engine/Plugins/2D/Paper2D/Content/DefaultSpriteMaterial.uexp" 365
"../../../Engine/Plugins/2D/Paper2D/Content/MaskedUnlitSpriteMaterial.uasset" 366
"../../../Engine/Plugins/2D/Paper2D/Content/MaskedUnlitSpriteMaterial.uexp" 367
"../../../Engine/Plugins/2D/Paper2D/Content/OpaqueUnlitSpriteMaterial.uasset" 368
"../../../Engine/Plugins/2D/Paper2D/Content/OpaqueUnlitSpriteMaterial.uexp" 369
"../../../Engine/Content/Functions/Engine_MaterialFunctions02/Utility/BreakOutFloat3Components.uasset" 370
"../../../Engine/Content/Functions/Engine_MaterialFunctions02/Utility/BreakOutFloat3Components.uexp" 371
"../../../Engine/Plugins/Editor/SpeedTreeImporter/Content/SpeedTree9/UnpackInteger3.uasset" 372
"../../../Engine/Plugins/Editor/SpeedTreeImporter/Content/SpeedTree9/UnpackInteger3.uexp" 373
"../../../Engine/Plugins/Editor/SpeedTreeImporter/Content/SpeedTree9/UnpackDirection.uasset" 374
"../../../Engine/Plugins/Editor/SpeedTreeImporter/Content/SpeedTree9/UnpackDirection.uexp" 375
"../../../Engine/Plugins/Editor/SpeedTreeImporter/Content/SpeedTree9/game_wind_noise.uasset" 376
"../../../Engine/Plugins/Editor/SpeedTreeImporter/Content/SpeedTree9/game_wind_noise.uexp" 377
"../../../Engine/Plugins/Editor/SpeedTreeImporter/Content/SpeedTree9/game_wind_noise.ubulk" 378
"../../../Engine/Content/Functions/Engine_MaterialFunctions02/SafeNormalize.uasset" 379
"../../../Engine/Content/Functions/Engine_MaterialFunctions02/SafeNormalize.uexp" 380
"../../../Engine/Plugins/Editor/SpeedTreeImporter/Content/SpeedTree9/SpeedTreeWindMotion.uasset" 381
"../../../Engine/Plugins/Editor/SpeedTreeImporter/Content/SpeedTree9/SpeedTreeWindMotion.uexp" 382
"../../../Engine/Plugins/Editor/SpeedTreeImporter/Content/SpeedTree9/SpeedTreeBranchMotion.uasset" 383
"../../../Engine/Plugins/Editor/SpeedTreeImporter/Content/SpeedTree9/SpeedTreeBranchMotion.uexp" 384
"../../../Engine/Content/Functions/Engine_MaterialFunctions02/ObjectLocalBounds.uasset" 385
"../../../Engine/Content/Functions/Engine_MaterialFunctions02/ObjectLocalBounds.uexp" 386
"../../../Engine/Content/Functions/Engine_MaterialFunctions02/UVs/BoundingBoxBased_0-1_UVW.uasset" 387
"../../../Engine/Content/Functions/Engine_MaterialFunctions02/UVs/BoundingBoxBased_0-1_UVW.uexp" 388
"../../../Engine/Content/Functions/Engine_MaterialFunctions02/Utility/VectorLength.uasset" 389
"../../../Engine/Content/Functions/Engine_MaterialFunctions02/Utility/VectorLength.uexp" 390
"../../../Engine/Content/Functions/Engine_MaterialFunctions02/WorldPositionOffset/ObjectScale.uasset" 391
"../../../Engine/Content/Functions/Engine_MaterialFunctions02/WorldPositionOffset/ObjectScale.uexp" 392
"../../../Engine/Plugins/Editor/SpeedTreeImporter/Content/SpeedTree9/SpeedTreeWind.uasset" 393
"../../../Engine/Plugins/Editor/SpeedTreeImporter/Content/SpeedTree9/SpeedTreeWind.uexp" 394
"../../../Engine/Plugins/Editor/SpeedTreeImporter/Content/SpeedTree9/SpeedTreeBillboard.uasset" 395
"../../../Engine/Plugins/Editor/SpeedTreeImporter/Content/SpeedTree9/SpeedTreeBillboard.uexp" 396
"../../../Engine/Plugins/Editor/SpeedTreeImporter/Content/SpeedTree9/EmptyNormal.uasset" 397
"../../../Engine/Plugins/Editor/SpeedTreeImporter/Content/SpeedTree9/EmptyNormal.uexp" 398
"../../../Engine/Plugins/Editor/SpeedTreeImporter/Content/SpeedTree9/Empty.uasset" 399
"../../../Engine/Plugins/Editor/SpeedTreeImporter/Content/SpeedTree9/Empty.uexp" 400
"../../../Engine/Plugins/Editor/SpeedTreeImporter/Content/SpeedTree9/SpeedTreeBillboardMaster.uasset" 401
"../../../Engine/Plugins/Editor/SpeedTreeImporter/Content/SpeedTree9/SpeedTreeBillboardMaster.uexp" 402
"../../../Engine/Plugins/Editor/SpeedTreeImporter/Content/SpeedTree9/SpeedTreeCameraFacing.uasset" 403
"../../../Engine/Plugins/Editor/SpeedTreeImporter/Content/SpeedTree9/SpeedTreeCameraFacing.uexp" 404
"../../../Engine/Plugins/Editor/SpeedTreeImporter/Content/SpeedTree9/SpeedTreeMaster.uasset" 405
"../../../Engine/Plugins/Editor/SpeedTreeImporter/Content/SpeedTree9/SpeedTreeMaster.uexp" 406
"../../../Engine/Content/ArtTools/RenderToTexture/Materials/Debug/M_Emissive_Color.uasset" 407
"../../../Engine/Content/ArtTools/RenderToTexture/Materials/Debug/M_Emissive_Color.uexp" 408
"../../../Engine/Content/BasicShapes/Cylinder.uasset" 409
"../../../Engine/Content/BasicShapes/Cylinder.uexp" 410
"../../../Engine/Plugins/Lumin/MagicLeapPassableWorld/Content/MagicLeapARPinInfoActor.uasset" 411
"../../../Engine/Plugins/Lumin/MagicLeapPassableWorld/Content/MagicLeapARPinInfoActor.uexp" 412
"../../../Engine/Plugins/Runtime/OpenXR/Content/Devices/GoogleDaydream/MRTexture.uasset" 413
"../../../Engine/Plugins/Runtime/OpenXR/Content/Devices/GoogleDaydream/MRTexture.uexp" 414
"../../../Engine/Plugins/Runtime/OpenXR/Content/Devices/GoogleDaydream/MRTexture.ubulk" 415
"../../../Engine/Plugins/Runtime/OpenXR/Content/Devices/GoogleDaydream/BaseTexture.uasset" 416
"../../../Engine/Plugins/Runtime/OpenXR/Content/Devices/GoogleDaydream/BaseTexture.uexp" 417
"../../../Engine/Plugins/Runtime/OpenXR/Content/Devices/GoogleDaydream/BaseTexture.ubulk" 418
"../../../Engine/Content/EngineResources/Black.uasset" 419
"../../../Engine/Content/EngineResources/Black.uexp" 420
"../../../Engine/Plugins/Runtime/OpenXR/Content/Devices/M_XRController.uasset" 421
"../../../Engine/Plugins/Runtime/OpenXR/Content/Devices/M_XRController.uexp" 422
"../../../Engine/Plugins/Runtime/OpenXR/Content/Devices/GoogleDaydream/MI_GoogleDaydream.uasset" 423
"../../../Engine/Plugins/Runtime/OpenXR/Content/Devices/GoogleDaydream/MI_GoogleDaydream.uexp" 424
"../../../Engine/Plugins/Runtime/OpenXR/Content/Devices/GoogleDaydream/GoogleDaydreamController.uasset" 425
"../../../Engine/Plugins/Runtime/OpenXR/Content/Devices/GoogleDaydream/GoogleDaydreamController.uexp" 426
"../../../Engine/Plugins/Runtime/OpenXR/Content/Devices/HTCVive/BaseTexture.uasset" 427
"../../../Engine/Plugins/Runtime/OpenXR/Content/Devices/HTCVive/BaseTexture.uexp" 428
"../../../Engine/Plugins/Runtime/OpenXR/Content/Devices/HTCVive/BaseTexture.ubulk" 429
"../../../Engine/Plugins/Runtime/OpenXR/Content/Devices/HTCVive/MI_HTCVive.uasset" 430
"../../../Engine/Plugins/Runtime/OpenXR/Content/Devices/HTCVive/MI_HTCVive.uexp" 431
"../../../Engine/Plugins/Runtime/OpenXR/Content/Devices/HTCVive/HTCViveController.uasset" 432
"../../../Engine/Plugins/Runtime/OpenXR/Content/Devices/HTCVive/HTCViveController.uexp" 433
"../../../Engine/Plugins/Runtime/OpenXR/Content/Devices/MicrosoftMixedReality/NormalTexture.uasset" 434
"../../../Engine/Plugins/Runtime/OpenXR/Content/Devices/MicrosoftMixedReality/NormalTexture.uexp" 435
"../../../Engine/Plugins/Runtime/OpenXR/Content/Devices/MicrosoftMixedReality/NormalTexture.ubulk" 436
"../../../Engine/Plugins/Runtime/OpenXR/Content/Devices/MicrosoftMixedReality/MRTexture.uasset" 437
"../../../Engine/Plugins/Runtime/OpenXR/Content/Devices/MicrosoftMixedReality/MRTexture.uexp" 438
"../../../Engine/Plugins/Runtime/OpenXR/Content/Devices/MicrosoftMixedReality/MRTexture.ubulk" 439
"../../../Engine/Plugins/Runtime/OpenXR/Content/Devices/MicrosoftMixedReality/EmissiveTexture.uasset" 440
"../../../Engine/Plugins/Runtime/OpenXR/Content/Devices/MicrosoftMixedReality/EmissiveTexture.uexp" 441
"../../../Engine/Plugins/Runtime/OpenXR/Content/Devices/MicrosoftMixedReality/EmissiveTexture.ubulk" 442
"../../../Engine/Plugins/Runtime/OpenXR/Content/Devices/MicrosoftMixedReality/BaseTexture.uasset" 443
"../../../Engine/Plugins/Runtime/OpenXR/Content/Devices/MicrosoftMixedReality/BaseTexture.uexp" 444
"../../../Engine/Plugins/Runtime/OpenXR/Content/Devices/MicrosoftMixedReality/BaseTexture.ubulk" 445
"../../../Engine/Plugins/Runtime/OpenXR/Content/Devices/MicrosoftMixedReality/MI_MicrosoftMixedReality.uasset" 446
"../../../Engine/Plugins/Runtime/OpenXR/Content/Devices/MicrosoftMixedReality/MI_MicrosoftMixedReality.uexp" 447
"../../../Engine/Plugins/Runtime/OpenXR/Content/Devices/MicrosoftMixedReality/Left/left_MicrosoftMixedRealityController.uasset" 448
"../../../Engine/Plugins/Runtime/OpenXR/Content/Devices/MicrosoftMixedReality/Left/left_MicrosoftMixedRealityController.uexp" 449
"../../../Engine/Plugins/Runtime/OpenXR/Content/Devices/MicrosoftMixedReality/Right/right_MicrosoftMixedRealityController.uasset" 450
"../../../Engine/Plugins/Runtime/OpenXR/Content/Devices/MicrosoftMixedReality/Right/right_MicrosoftMixedRealityController.uexp" 451
"../../../Engine/Plugins/Runtime/OpenXR/Content/Devices/OculusGo/BaseTexture.uasset" 452
"../../../Engine/Plugins/Runtime/OpenXR/Content/Devices/OculusGo/BaseTexture.uexp" 453
"../../../Engine/Plugins/Runtime/OpenXR/Content/Devices/OculusGo/BaseTexture.ubulk" 454
"../../../Engine/Plugins/Runtime/OpenXR/Content/Devices/OculusGo/MI_OculusGo.uasset" 455
"../../../Engine/Plugins/Runtime/OpenXR/Content/Devices/OculusGo/MI_OculusGo.uexp" 456
"../../../Engine/Plugins/Runtime/OpenXR/Content/Devices/OculusGo/OculusGoController.uasset" 457
"../../../Engine/Plugins/Runtime/OpenXR/Content/Devices/OculusGo/OculusGoController.uexp" 458
"../../../Engine/Plugins/Runtime/OpenXR/Content/Devices/OculusTouch/MRTexture.uasset" 459
"../../../Engine/Plugins/Runtime/OpenXR/Content/Devices/OculusTouch/MRTexture.uexp" 460
"../../../Engine/Plugins/Runtime/OpenXR/Content/Devices/OculusTouch/MRTexture.ubulk" 461
"../../../Engine/Plugins/Runtime/OpenXR/Content/Devices/OculusTouch/BaseTexture.uasset" 462
"../../../Engine/Plugins/Runtime/OpenXR/Content/Devices/OculusTouch/BaseTexture.uexp" 463
"../../../Engine/Plugins/Runtime/OpenXR/Content/Devices/OculusTouch/BaseTexture.ubulk" 464
"../../../Engine/Plugins/Runtime/OpenXR/Content/Devices/OculusTouch/MI_OculusTouch.uasset" 465
"../../../Engine/Plugins/Runtime/OpenXR/Content/Devices/OculusTouch/MI_OculusTouch.uexp" 466
"../../../Engine/Plugins/Runtime/OpenXR/Content/Devices/OculusTouch/Left/left_OculusTouchController.uasset" 467
"../../../Engine/Plugins/Runtime/OpenXR/Content/Devices/OculusTouch/Left/left_OculusTouchController.uexp" 468
"../../../Engine/Plugins/Runtime/OpenXR/Content/Devices/OculusTouch/Right/right_OculusTouchController.uasset" 469
"../../../Engine/Plugins/Runtime/OpenXR/Content/Devices/OculusTouch/Right/right_OculusTouchController.uexp" 470
"../../../Engine/Plugins/Runtime/OpenXR/Content/Devices/OculusTouch_v2/MRTexture.uasset" 471
"../../../Engine/Plugins/Runtime/OpenXR/Content/Devices/OculusTouch_v2/MRTexture.uexp" 472
"../../../Engine/Plugins/Runtime/OpenXR/Content/Devices/OculusTouch_v2/MRTexture.ubulk" 473
"../../../Engine/Plugins/Runtime/OpenXR/Content/Devices/OculusTouch_v2/BaseTexture.uasset" 474
"../../../Engine/Plugins/Runtime/OpenXR/Content/Devices/OculusTouch_v2/BaseTexture.uexp" 475
"../../../Engine/Plugins/Runtime/OpenXR/Content/Devices/OculusTouch_v2/BaseTexture.ubulk" 476
"../../../Engine/Plugins/Runtime/OpenXR/Content/Devices/OculusTouch_v2/MI_OculusTouch_v2.uasset" 477
"../../../Engine/Plugins/Runtime/OpenXR/Content/Devices/OculusTouch_v2/MI_OculusTouch_v2.uexp" 478
"../../../Engine/Plugins/Runtime/OpenXR/Content/Devices/OculusTouch_v2/Left/left_OculusTouch_v2Controller.uasset" 479
"../../../Engine/Plugins/Runtime/OpenXR/Content/Devices/OculusTouch_v2/Left/left_OculusTouch_v2Controller.uexp" 480
"../../../Engine/Plugins/Runtime/OpenXR/Content/Devices/OculusTouch_v2/Right/right_OculusTouch_v2Controller.uasset" 481
"../../../Engine/Plugins/Runtime/OpenXR/Content/Devices/OculusTouch_v2/Right/right_OculusTouch_v2Controller.uexp" 482
"../../../Engine/Plugins/Runtime/OpenXR/Content/Devices/OculusTouch_v3/MRTexture.uasset" 483
"../../../Engine/Plugins/Runtime/OpenXR/Content/Devices/OculusTouch_v3/MRTexture.uexp" 484
"../../../Engine/Plugins/Runtime/OpenXR/Content/Devices/OculusTouch_v3/MRTexture.ubulk" 485
"../../../Engine/Plugins/Runtime/OpenXR/Content/Devices/OculusTouch_v3/BaseTexture.uasset" 486
"../../../Engine/Plugins/Runtime/OpenXR/Content/Devices/OculusTouch_v3/BaseTexture.uexp" 487
"../../../Engine/Plugins/Runtime/OpenXR/Content/Devices/OculusTouch_v3/BaseTexture.ubulk" 488
"../../../Engine/Plugins/Runtime/OpenXR/Content/Devices/OculusTouch_v3/MI_OculusTouch_v3.uasset" 489
"../../../Engine/Plugins/Runtime/OpenXR/Content/Devices/OculusTouch_v3/MI_OculusTouch_v3.uexp" 490
"../../../Engine/Plugins/Runtime/OpenXR/Content/Devices/OculusTouch_v3/Left/left_OculusTouch_v3Controller.uasset" 491
"../../../Engine/Plugins/Runtime/OpenXR/Content/Devices/OculusTouch_v3/Left/left_OculusTouch_v3Controller.uexp" 492
"../../../Engine/Plugins/Runtime/OpenXR/Content/Devices/OculusTouch_v3/Right/right_OculusTouch_v3Controller.uasset" 493
"../../../Engine/Plugins/Runtime/OpenXR/Content/Devices/OculusTouch_v3/Right/right_OculusTouch_v3Controller.uexp" 494
"../../../Engine/Plugins/Runtime/OpenXR/Content/Devices/ValveIndex/MRTexture.uasset" 495
"../../../Engine/Plugins/Runtime/OpenXR/Content/Devices/ValveIndex/MRTexture.uexp" 496
"../../../Engine/Plugins/Runtime/OpenXR/Content/Devices/ValveIndex/MRTexture.ubulk" 497
"../../../Engine/Plugins/Runtime/OpenXR/Content/Devices/ValveIndex/BaseTexture.uasset" 498
"../../../Engine/Plugins/Runtime/OpenXR/Content/Devices/ValveIndex/BaseTexture.uexp" 499
"../../../Engine/Plugins/Runtime/OpenXR/Content/Devices/ValveIndex/BaseTexture.ubulk" 500
"../../../Engine/Plugins/Runtime/OpenXR/Content/Devices/ValveIndex/Left/MI_left_ValveIndex.uasset" 501
"../../../Engine/Plugins/Runtime/OpenXR/Content/Devices/ValveIndex/Left/MI_left_ValveIndex.uexp" 502
"../../../Engine/Plugins/Runtime/OpenXR/Content/Devices/ValveIndex/Left/left_ValveIndexController.uasset" 503
"../../../Engine/Plugins/Runtime/OpenXR/Content/Devices/ValveIndex/Left/left_ValveIndexController.uexp" 504
"../../../Engine/Plugins/Runtime/OpenXR/Content/Devices/ValveIndex/Right/MI_right_ValveIndex.uasset" 505
"../../../Engine/Plugins/Runtime/OpenXR/Content/Devices/ValveIndex/Right/MI_right_ValveIndex.uexp" 506
"../../../Engine/Plugins/Runtime/OpenXR/Content/Devices/ValveIndex/Right/right_ValveIndexController.uasset" 507
"../../../Engine/Plugins/Runtime/OpenXR/Content/Devices/ValveIndex/Right/right_ValveIndexController.uexp" 508
"../../../Engine/Content/Functions/Engine_MaterialFunctions02/Utility/BreakOutFloat4Components.uasset" 509
"../../../Engine/Content/Functions/Engine_MaterialFunctions02/Utility/BreakOutFloat4Components.uexp" 510
"../../../Engine/Content/Functions/Engine_MaterialFunctions02/Utility/MakeFloat3.uasset" 511
"../../../Engine/Content/Functions/Engine_MaterialFunctions02/Utility/MakeFloat3.uexp" 512
"../../../Engine/Plugins/Runtime/Oculus/OculusVR/Content/Materials/OculusMR_ChromaKey.uasset" 513
"../../../Engine/Plugins/Runtime/Oculus/OculusVR/Content/Materials/OculusMR_ChromaKey.uexp" 514
"../../../Engine/Plugins/Runtime/Oculus/OculusVR/Content/Materials/OculusMR_OpaqueColoredMaterial.uasset" 515
"../../../Engine/Plugins/Runtime/Oculus/OculusVR/Content/Materials/OculusMR_OpaqueColoredMaterial.uexp" 516
"../../../Engine/Plugins/Runtime/Oculus/OculusVR/Content/Materials/PokeAHoleMaterial.uasset" 517
"../../../Engine/Plugins/Runtime/Oculus/OculusVR/Content/Materials/PokeAHoleMaterial.uexp" 518
"../../../Engine/Plugins/Runtime/Oculus/OculusVR/Content/Textures/touchController_controlmap.uasset" 519
"../../../Engine/Plugins/Runtime/Oculus/OculusVR/Content/Textures/touchController_controlmap.uexp" 520
"../../../Engine/Plugins/Runtime/Oculus/OculusVR/Content/Textures/touchController_controlmap.ubulk" 521
"../../../Engine/Plugins/Runtime/Oculus/OculusVR/Content/Textures/touchController_albedo.uasset" 522
"../../../Engine/Plugins/Runtime/Oculus/OculusVR/Content/Textures/touchController_albedo.uexp" 523
"../../../Engine/Plugins/Runtime/Oculus/OculusVR/Content/Textures/touchController_albedo.ubulk" 524
"../../../Engine/Plugins/Runtime/Oculus/OculusVR/Content/Materials/touchController_mat.uasset" 525
"../../../Engine/Plugins/Runtime/Oculus/OculusVR/Content/Materials/touchController_mat.uexp" 526
"../../../Engine/Plugins/Runtime/Oculus/OculusVR/Content/Meshes/LeftTouchController.uasset" 527
"../../../Engine/Plugins/Runtime/Oculus/OculusVR/Content/Meshes/LeftTouchController.uexp" 528
"../../../Engine/Plugins/Runtime/Oculus/OculusVR/Content/Textures/TouchForQuestRiftSController_albedo.uasset" 529
"../../../Engine/Plugins/Runtime/Oculus/OculusVR/Content/Textures/TouchForQuestRiftSController_albedo.uexp" 530
"../../../Engine/Plugins/Runtime/Oculus/OculusVR/Content/Textures/TouchForQuestRiftSController_albedo.ubulk" 531
"../../../Engine/Plugins/Runtime/Oculus/OculusVR/Content/Materials/TouchForQuestRiftSControllerMaterial.uasset" 532
"../../../Engine/Plugins/Runtime/Oculus/OculusVR/Content/Materials/TouchForQuestRiftSControllerMaterial.uexp" 533
"../../../Engine/Plugins/Runtime/Oculus/OculusVR/Content/Meshes/LeftTouchForQuestRiftSController.uasset" 534
"../../../Engine/Plugins/Runtime/Oculus/OculusVR/Content/Meshes/LeftTouchForQuestRiftSController.uexp" 535
"../../../Engine/Plugins/Runtime/Oculus/OculusVR/Content/Meshes/RiftHMD.uasset" 536
"../../../Engine/Plugins/Runtime/Oculus/OculusVR/Content/Meshes/RiftHMD.uexp" 537
"../../../Engine/Plugins/Runtime/Oculus/OculusVR/Content/Meshes/RightTouchController.uasset" 538
"../../../Engine/Plugins/Runtime/Oculus/OculusVR/Content/Meshes/RightTouchController.uexp" 539
"../../../Engine/Plugins/Runtime/Oculus/OculusVR/Content/Meshes/RightTouchForQuestRiftSController.uasset" 540
"../../../Engine/Plugins/Runtime/Oculus/OculusVR/Content/Meshes/RightTouchForQuestRiftSController.uexp" 541
"C:/UnrealProjects/Anders_GP3/FG21FT_GP3_Team_06/GP3_2022_Team06/Content/StarterContent/FirstPerson/Meshes/BaseMaterial.uasset" 542
"C:/UnrealProjects/Anders_GP3/FG21FT_GP3_Team_06/GP3_2022_Team06/Content/StarterContent/FirstPerson/Meshes/BaseMaterial.uexp" 543
"C:/UnrealProjects/Anders_GP3/FG21FT_GP3_Team_06/GP3_2022_Team06/Content/StarterContent/FirstPerson/Meshes/FirstPersonProjectileMaterial.uasset" 544
"C:/UnrealProjects/Anders_GP3/FG21FT_GP3_Team_06/GP3_2022_Team06/Content/StarterContent/FirstPerson/Meshes/FirstPersonProjectileMaterial.uexp" 545
"C:/UnrealProjects/Anders_GP3/FG21FT_GP3_Team_06/GP3_2022_Team06/Content/Textures/T_GridPattern.uasset" 546
"C:/UnrealProjects/Anders_GP3/FG21FT_GP3_Team_06/GP3_2022_Team06/Content/Textures/T_GridPattern.uexp" 547
"C:/UnrealProjects/Anders_GP3/FG21FT_GP3_Team_06/GP3_2022_Team06/Content/Textures/T_GridPattern.ubulk" 548
"../../../Engine/Content/Functions/Engine_MaterialFunctions02/WorldPositionOffset/LocalPosition.uasset" 549
"../../../Engine/Content/Functions/Engine_MaterialFunctions02/WorldPositionOffset/LocalPosition.uexp" 550
"C:/UnrealProjects/Anders_GP3/FG21FT_GP3_Team_06/GP3_2022_Team06/Content/Materials/Material_Functions/MF_Dissolve.uasset" 551
"C:/UnrealProjects/Anders_GP3/FG21FT_GP3_Team_06/GP3_2022_Team06/Content/Materials/Material_Functions/MF_Dissolve.uexp" 552
"C:/UnrealProjects/Anders_GP3/FG21FT_GP3_Team_06/GP3_2022_Team06/Content/Materials/M_Dissolve.uasset" 553
"C:/UnrealProjects/Anders_GP3/FG21FT_GP3_Team_06/GP3_2022_Team06/Content/Materials/M_Dissolve.uexp" 554
"C:/UnrealProjects/Anders_GP3/FG21FT_GP3_Team_06/GP3_2022_Team06/Content/Materials/MI_GlitchTarget_Test.uasset" 555
"C:/UnrealProjects/Anders_GP3/FG21FT_GP3_Team_06/GP3_2022_Team06/Content/Materials/MI_GlitchTarget_Test.uexp" 556
"C:/UnrealProjects/Anders_GP3/FG21FT_GP3_Team_06/GP3_2022_Team06/Content/StarterContent/Particles/Materials/m_flare_01.uasset" 557
"C:/UnrealProjects/Anders_GP3/FG21FT_GP3_Team_06/GP3_2022_Team06/Content/StarterContent/Particles/Materials/m_flare_01.uexp" 558
"C:/UnrealProjects/Anders_GP3/FG21FT_GP3_Team_06/GP3_2022_Team06/Content/StarterContent/Textures/T_Detail_Rocky_N.uasset" 559
"C:/UnrealProjects/Anders_GP3/FG21FT_GP3_Team_06/GP3_2022_Team06/Content/StarterContent/Textures/T_Detail_Rocky_N.uexp" 560
"C:/UnrealProjects/Anders_GP3/FG21FT_GP3_Team_06/GP3_2022_Team06/Content/StarterContent/Textures/T_Detail_Rocky_N.ubulk" 561
"C:/UnrealProjects/Anders_GP3/FG21FT_GP3_Team_06/GP3_2022_Team06/Content/StarterContent/Textures/T_Brick_Clay_New_N.uasset" 562
"C:/UnrealProjects/Anders_GP3/FG21FT_GP3_Team_06/GP3_2022_Team06/Content/StarterContent/Textures/T_Brick_Clay_New_N.uexp" 563
"C:/UnrealProjects/Anders_GP3/FG21FT_GP3_Team_06/GP3_2022_Team06/Content/StarterContent/Textures/T_Brick_Clay_New_M.uasset" 564
"C:/UnrealProjects/Anders_GP3/FG21FT_GP3_Team_06/GP3_2022_Team06/Content/StarterContent/Textures/T_Brick_Clay_New_M.uexp" 565
"C:/UnrealProjects/Anders_GP3/FG21FT_GP3_Team_06/GP3_2022_Team06/Content/StarterContent/Textures/T_Brick_Clay_New_D.uasset" 566
"C:/UnrealProjects/Anders_GP3/FG21FT_GP3_Team_06/GP3_2022_Team06/Content/StarterContent/Textures/T_Brick_Clay_New_D.uexp" 567
"C:/UnrealProjects/Anders_GP3/FG21FT_GP3_Team_06/GP3_2022_Team06/Content/StarterContent/Textures/T_Brick_Clay_New_D.ubulk" 568
"C:/UnrealProjects/Anders_GP3/FG21FT_GP3_Team_06/GP3_2022_Team06/Content/StarterContent/Textures/T_MacroVariation.uasset" 569
"C:/UnrealProjects/Anders_GP3/FG21FT_GP3_Team_06/GP3_2022_Team06/Content/StarterContent/Textures/T_MacroVariation.uexp" 570
"C:/UnrealProjects/Anders_GP3/FG21FT_GP3_Team_06/GP3_2022_Team06/Content/StarterContent/Materials/M_Brick_Clay_New.uasset" 571
"C:/UnrealProjects/Anders_GP3/FG21FT_GP3_Team_06/GP3_2022_Team06/Content/StarterContent/Materials/M_Brick_Clay_New.uexp" 572
"C:/UnrealProjects/Anders_GP3/FG21FT_GP3_Team_06/GP3_2022_Team06/Content/Levels/AndersTestLevel2_BuiltData.uasset" 573
"C:/UnrealProjects/Anders_GP3/FG21FT_GP3_Team_06/GP3_2022_Team06/Content/Levels/AndersTestLevel2_BuiltData.uexp" 574
"C:/UnrealProjects/Anders_GP3/FG21FT_GP3_Team_06/GP3_2022_Team06/Content/Levels/AndersTestLevel2_BuiltData.ubulk" 575
"C:/UnrealProjects/Anders_GP3/FG21FT_GP3_Team_06/GP3_2022_Team06/Content/FMOD/Events/music/AmbientDrone.uasset" 576
"C:/UnrealProjects/Anders_GP3/FG21FT_GP3_Team_06/GP3_2022_Team06/Content/FMOD/Events/music/AmbientDrone.uexp" 577
"C:/UnrealProjects/Anders_GP3/FG21FT_GP3_Team_06/GP3_2022_Team06/Content/FMOD/Events/level/AmbianceScatter.uasset" 578
"C:/UnrealProjects/Anders_GP3/FG21FT_GP3_Team_06/GP3_2022_Team06/Content/FMOD/Events/level/AmbianceScatter.uexp" 579
"C:/UnrealProjects/Anders_GP3/FG21FT_GP3_Team_06/GP3_2022_Team06/Content/FMOD/Events/level/Ambiance.uasset" 580
"C:/UnrealProjects/Anders_GP3/FG21FT_GP3_Team_06/GP3_2022_Team06/Content/FMOD/Events/level/Ambiance.uexp" 581
"C:/UnrealProjects/Anders_GP3/FG21FT_GP3_Team_06/GP3_2022_Team06/Content/3D_Assets/Props/SM_Generator.uasset" 582
"C:/UnrealProjects/Anders_GP3/FG21FT_GP3_Team_06/GP3_2022_Team06/Content/3D_Assets/Props/SM_Generator.uexp" 583
"C:/UnrealProjects/Anders_GP3/FG21FT_GP3_Team_06/GP3_2022_Team06/Content/3D_Assets/LDK/SM_LDK_Wall_4x4m_.uasset" 584
"C:/UnrealProjects/Anders_GP3/FG21FT_GP3_Team_06/GP3_2022_Team06/Content/3D_Assets/LDK/SM_LDK_Wall_4x4m_.uexp" 585
"C:/UnrealProjects/Anders_GP3/FG21FT_GP3_Team_06/GP3_2022_Team06/Content/3D_Assets/LDK/SM_LDK_Wall_2x4m_.uasset" 586
"C:/UnrealProjects/Anders_GP3/FG21FT_GP3_Team_06/GP3_2022_Team06/Content/3D_Assets/LDK/SM_LDK_Wall_2x4m_.uexp" 587
"C:/UnrealProjects/Anders_GP3/FG21FT_GP3_Team_06/GP3_2022_Team06/Content/3D_Assets/LDK/SM_LDK_Wall_2x2m_.uasset" 588
"C:/UnrealProjects/Anders_GP3/FG21FT_GP3_Team_06/GP3_2022_Team06/Content/3D_Assets/LDK/SM_LDK_Wall_2x2m_.uexp" 589
"C:/UnrealProjects/Anders_GP3/FG21FT_GP3_Team_06/GP3_2022_Team06/Content/3D_Assets/LDK/SM_LDK_Wall_2x0_25m_.uasset" 590
"C:/UnrealProjects/Anders_GP3/FG21FT_GP3_Team_06/GP3_2022_Team06/Content/3D_Assets/LDK/SM_LDK_Wall_2x0_25m_.uexp" 591
"C:/UnrealProjects/Anders_GP3/FG21FT_GP3_Team_06/GP3_2022_Team06/Content/3D_Assets/LDK/SM_LDK_Wall_1x2m_.uasset" 592
"C:/UnrealProjects/Anders_GP3/FG21FT_GP3_Team_06/GP3_2022_Team06/Content/3D_Assets/LDK/SM_LDK_Wall_1x2m_.uexp" 593
"C:/UnrealProjects/Anders_GP3/FG21FT_GP3_Team_06/GP3_2022_Team06/Content/3D_Assets/LDK/SM_LDK_Stairs_2x2x2m_.uasset" 594
"C:/UnrealProjects/Anders_GP3/FG21FT_GP3_Team_06/GP3_2022_Team06/Content/3D_Assets/LDK/SM_LDK_Stairs_2x2x2m_.uexp" 595
"C:/UnrealProjects/Anders_GP3/FG21FT_GP3_Team_06/GP3_2022_Team06/Content/3D_Assets/LDK/SM_LDK_Stairs_2x1x2m_.uasset" 596
"C:/UnrealProjects/Anders_GP3/FG21FT_GP3_Team_06/GP3_2022_Team06/Content/3D_Assets/LDK/SM_LDK_Stairs_2x1x2m_.uexp" 597
"C:/UnrealProjects/Anders_GP3/FG21FT_GP3_Team_06/GP3_2022_Team06/Content/3D_Assets/LDK/SM_LDK_Pillar_4m_.uasset" 598
"C:/UnrealProjects/Anders_GP3/FG21FT_GP3_Team_06/GP3_2022_Team06/Content/3D_Assets/LDK/SM_LDK_Pillar_4m_.uexp" 599
"C:/UnrealProjects/Anders_GP3/FG21FT_GP3_Team_06/GP3_2022_Team06/Content/3D_Assets/LDK/SM_LDK_Floor_4x4m_.uasset" 600
"C:/UnrealProjects/Anders_GP3/FG21FT_GP3_Team_06/GP3_2022_Team06/Content/3D_Assets/LDK/SM_LDK_Floor_4x4m_.uexp" 601
"C:/UnrealProjects/Anders_GP3/FG21FT_GP3_Team_06/GP3_2022_Team06/Content/3D_Assets/LDK/SM_LDK_Floor_2x2m_.uasset" 602
"C:/UnrealProjects/Anders_GP3/FG21FT_GP3_Team_06/GP3_2022_Team06/Content/3D_Assets/LDK/SM_LDK_Floor_2x2m_.uexp" 603
"C:/UnrealProjects/Anders_GP3/FG21FT_GP3_Team_06/GP3_2022_Team06/Content/3D_Assets/LDK/SM_LDK_Doorframe_4x4m_.uasset" 604
"C:/UnrealProjects/Anders_GP3/FG21FT_GP3_Team_06/GP3_2022_Team06/Content/3D_Assets/LDK/SM_LDK_Doorframe_4x4m_.uexp" 605
"C:/UnrealProjects/Anders_GP3/FG21FT_GP3_Team_06/GP3_2022_Team06/Content/3D_Assets/LDK/SM_LDK_Doorframe_2x4m_.uasset" 606
"C:/UnrealProjects/Anders_GP3/FG21FT_GP3_Team_06/GP3_2022_Team06/Content/3D_Assets/LDK/SM_LDK_Doorframe_2x4m_.uexp" 607
"C:/UnrealProjects/Anders_GP3/FG21FT_GP3_Team_06/GP3_2022_Team06/Content/3D_Assets/LDK/SM_LDK_Cube_2x2m_.uasset" 608
"C:/UnrealProjects/Anders_GP3/FG21FT_GP3_Team_06/GP3_2022_Team06/Content/3D_Assets/LDK/SM_LDK_Cube_2x2m_.uexp" 609
"C:/UnrealProjects/Anders_GP3/FG21FT_GP3_Team_06/GP3_2022_Team06/Content/3D_Assets/LDK/SM_LDK_Corner-In_2x4m_.uasset" 610
"C:/UnrealProjects/Anders_GP3/FG21FT_GP3_Team_06/GP3_2022_Team06/Content/3D_Assets/LDK/SM_LDK_Corner-In_2x4m_.uexp" 611
"C:/UnrealProjects/Anders_GP3/FG21FT_GP3_Team_06/GP3_2022_Team06/Content/Textures/RT_PortalRenderTarget_00.uasset" 612
"C:/UnrealProjects/Anders_GP3/FG21FT_GP3_Team_06/GP3_2022_Team06/Content/Textures/RT_PortalRenderTarget_00.uexp" 613
"../../../Engine/Content/EngineSky/T_Sky_Stars.uasset" 614
"../../../Engine/Content/EngineSky/T_Sky_Stars.uexp" 615
"../../../Engine/Content/EngineSky/T_Sky_Stars.ubulk" 616
"../../../Engine/Content/EngineSky/T_Sky_Clouds_M.uasset" 617
"../../../Engine/Content/EngineSky/T_Sky_Clouds_M.uexp" 618
"../../../Engine/Content/EngineSky/T_Sky_Clouds_M.ubulk" 619
"../../../Engine/Content/EngineSky/T_Sky_Blue.uasset" 620
"../../../Engine/Content/EngineSky/T_Sky_Blue.uexp" 621
"../../../Engine/Content/EngineSky/T_Sky_Blue.ubulk" 622
"../../../Engine/Content/EngineSky/M_Sky_Panning_Clouds2.uasset" 623
"../../../Engine/Content/EngineSky/M_Sky_Panning_Clouds2.uexp" 624
"../../../Engine/Content/EngineSky/SM_SkySphere.uasset" 625
"../../../Engine/Content/EngineSky/SM_SkySphere.uexp" 626
"../../../Engine/Content/EngineSky/C_Sky_Zenith_Color.uasset" 627
"../../../Engine/Content/EngineSky/C_Sky_Zenith_Color.uexp" 628
"../../../Engine/Content/EngineSky/C_Sky_Horizon_Color.uasset" 629
"../../../Engine/Content/EngineSky/C_Sky_Horizon_Color.uexp" 630
"../../../Engine/Content/EngineSky/C_Sky_Cloud_Color.uasset" 631
"../../../Engine/Content/EngineSky/C_Sky_Cloud_Color.uexp" 632
"../../../Engine/Content/EditorBlueprintResources/StandardMacros.uasset" 633
"../../../Engine/Content/EditorBlueprintResources/StandardMacros.uexp" 634
"../../../Engine/Content/EngineSky/BP_Sky_Sphere.uasset" 635
"../../../Engine/Content/EngineSky/BP_Sky_Sphere.uexp" 636
"C:/UnrealProjects/Anders_GP3/FG21FT_GP3_Team_06/GP3_2022_Team06/Content/Blueprints/TempBPs/BP_TestTrigger.uasset" 637
"C:/UnrealProjects/Anders_GP3/FG21FT_GP3_Team_06/GP3_2022_Team06/Content/Blueprints/TempBPs/BP_TestTrigger.uexp" 638
"C:/UnrealProjects/Anders_GP3/FG21FT_GP3_Team_06/GP3_2022_Team06/Content/StarterContent/Textures/T_Door_N.uasset" 639
"C:/UnrealProjects/Anders_GP3/FG21FT_GP3_Team_06/GP3_2022_Team06/Content/StarterContent/Textures/T_Door_N.uexp" 640
"C:/UnrealProjects/Anders_GP3/FG21FT_GP3_Team_06/GP3_2022_Team06/Content/StarterContent/Textures/T_Door_N.ubulk" 641
"C:/UnrealProjects/Anders_GP3/FG21FT_GP3_Team_06/GP3_2022_Team06/Content/StarterContent/Textures/T_Door_M.uasset" 642
"C:/UnrealProjects/Anders_GP3/FG21FT_GP3_Team_06/GP3_2022_Team06/Content/StarterContent/Textures/T_Door_M.uexp" 643
"C:/UnrealProjects/Anders_GP3/FG21FT_GP3_Team_06/GP3_2022_Team06/Content/StarterContent/Textures/T_Door_M.ubulk" 644
"C:/UnrealProjects/Anders_GP3/FG21FT_GP3_Team_06/GP3_2022_Team06/Content/StarterContent/Props/Materials/M_Door.uasset" 645
"C:/UnrealProjects/Anders_GP3/FG21FT_GP3_Team_06/GP3_2022_Team06/Content/StarterContent/Props/Materials/M_Door.uexp" 646
"C:/UnrealProjects/Anders_GP3/FG21FT_GP3_Team_06/GP3_2022_Team06/Content/StarterContent/Materials/M_Glass.uasset" 647
"C:/UnrealProjects/Anders_GP3/FG21FT_GP3_Team_06/GP3_2022_Team06/Content/StarterContent/Materials/M_Glass.uexp" 648
"C:/UnrealProjects/Anders_GP3/FG21FT_GP3_Team_06/GP3_2022_Team06/Content/StarterContent/Props/SM_Door.uasset" 649
"C:/UnrealProjects/Anders_GP3/FG21FT_GP3_Team_06/GP3_2022_Team06/Content/StarterContent/Props/SM_Door.uexp" 650
"C:/UnrealProjects/Anders_GP3/FG21FT_GP3_Team_06/GP3_2022_Team06/Content/Blueprints/TempBPs/BP_TestDoor.uasset" 651
"C:/UnrealProjects/Anders_GP3/FG21FT_GP3_Team_06/GP3_2022_Team06/Content/Blueprints/TempBPs/BP_TestDoor.uexp" 652
"../../../Engine/Content/BasicShapes/Cone.uasset" 653
"../../../Engine/Content/BasicShapes/Cone.uexp" 654
"../../../Engine/Content/MapTemplates/Sky/Desert_Outer_HDR.uasset" 655
"../../../Engine/Content/MapTemplates/Sky/Desert_Outer_HDR.uexp" 656
"../../../Engine/Content/MapTemplates/Sky/Desert_Outer_HDR_Mat.uasset" 657
"../../../Engine/Content/MapTemplates/Sky/Desert_Outer_HDR_Mat.uexp" 658
"C:/UnrealProjects/Anders_GP3/FG21FT_GP3_Team_06/GP3_2022_Team06/Content/Blueprints/TempBPs/BP_Pickup.uasset" 659
"C:/UnrealProjects/Anders_GP3/FG21FT_GP3_Team_06/GP3_2022_Team06/Content/Blueprints/TempBPs/BP_Pickup.uexp" 660
"../../../Engine/Content/Functions/Engine_MaterialFunctions02/ScreenResolution.uasset" 661
"../../../Engine/Content/Functions/Engine_MaterialFunctions02/ScreenResolution.uexp" 662
"../../../Engine/Content/Functions/Engine_MaterialFunctions01/Texturing/ScaleUVsByCenter.uasset" 663
"../../../Engine/Content/Functions/Engine_MaterialFunctions01/Texturing/ScaleUVsByCenter.uexp" 664
"../../../Engine/Content/Functions/Engine_MaterialFunctions02/Texturing/ScreenAlignedUVs.uasset" 665
"../../../Engine/Content/Functions/Engine_MaterialFunctions02/Texturing/ScreenAlignedUVs.uexp" 666
"C:/UnrealProjects/Anders_GP3/FG21FT_GP3_Team_06/GP3_2022_Team06/Content/Materials/M_Portal.uasset" 667
"C:/UnrealProjects/Anders_GP3/FG21FT_GP3_Team_06/GP3_2022_Team06/Content/Materials/M_Portal.uexp" 668
"C:/UnrealProjects/Anders_GP3/FG21FT_GP3_Team_06/GP3_2022_Team06/Content/Materials/MI_Portal.uasset" 669
"C:/UnrealProjects/Anders_GP3/FG21FT_GP3_Team_06/GP3_2022_Team06/Content/Materials/MI_Portal.uexp" 670
"C:/UnrealProjects/Anders_GP3/FG21FT_GP3_Team_06/GP3_2022_Team06/Content/Materials/MI_Dissolve_Door.uasset" 671
"C:/UnrealProjects/Anders_GP3/FG21FT_GP3_Team_06/GP3_2022_Team06/Content/Materials/MI_Dissolve_Door.uexp" 672
"C:/UnrealProjects/Anders_GP3/FG21FT_GP3_Team_06/GP3_2022_Team06/Content/Temporary/GlitchSound_Static.uasset" 673
"C:/UnrealProjects/Anders_GP3/FG21FT_GP3_Team_06/GP3_2022_Team06/Content/Temporary/GlitchSound_Static.uexp" 674
"C:/UnrealProjects/Anders_GP3/FG21FT_GP3_Team_06/GP3_2022_Team06/Content/FirstPerson/Character/Mesh/SK_Mannequin_Arms_PhysicsAsset.uasset" 675
"C:/UnrealProjects/Anders_GP3/FG21FT_GP3_Team_06/GP3_2022_Team06/Content/FirstPerson/Character/Mesh/SK_Mannequin_Arms_PhysicsAsset.uexp" 676
"C:/UnrealProjects/Anders_GP3/FG21FT_GP3_Team_06/GP3_2022_Team06/Content/FirstPerson/Character/Textures/UE4_Mannequin_MAT_MASKA.uasset" 677
"C:/UnrealProjects/Anders_GP3/FG21FT_GP3_Team_06/GP3_2022_Team06/Content/FirstPerson/Character/Textures/UE4_Mannequin_MAT_MASKA.uexp" 678
"C:/UnrealProjects/Anders_GP3/FG21FT_GP3_Team_06/GP3_2022_Team06/Content/FirstPerson/Character/Textures/UE4_Mannequin_MAT_MASKA.ubulk" 679
"C:/UnrealProjects/Anders_GP3/FG21FT_GP3_Team_06/GP3_2022_Team06/Content/FirstPerson/Character/Textures/UE4_Mannequin__normals.uasset" 680
"C:/UnrealProjects/Anders_GP3/FG21FT_GP3_Team_06/GP3_2022_Team06/Content/FirstPerson/Character/Textures/UE4_Mannequin__normals.uexp" 681
"C:/UnrealProjects/Anders_GP3/FG21FT_GP3_Team_06/GP3_2022_Team06/Content/FirstPerson/Character/Textures/UE4_Mannequin__normals.ubulk" 682
"C:/UnrealProjects/Anders_GP3/FG21FT_GP3_Team_06/GP3_2022_Team06/Content/FirstPerson/Character/Materials/MaterialLayers/T_ML_Aluminum01_N.uasset" 683
"C:/UnrealProjects/Anders_GP3/FG21FT_GP3_Team_06/GP3_2022_Team06/Content/FirstPerson/Character/Materials/MaterialLayers/T_ML_Aluminum01_N.uexp" 684
"C:/UnrealProjects/Anders_GP3/FG21FT_GP3_Team_06/GP3_2022_Team06/Content/FirstPerson/Character/Materials/MaterialLayers/T_ML_Aluminum01_N.ubulk" 685
"C:/UnrealProjects/Anders_GP3/FG21FT_GP3_Team_06/GP3_2022_Team06/Content/FirstPerson/Character/Materials/MaterialLayers/T_ML_Aluminum01.uasset" 686
"C:/UnrealProjects/Anders_GP3/FG21FT_GP3_Team_06/GP3_2022_Team06/Content/FirstPerson/Character/Materials/MaterialLayers/T_ML_Aluminum01.uexp" 687
"C:/UnrealProjects/Anders_GP3/FG21FT_GP3_Team_06/GP3_2022_Team06/Content/FirstPerson/Character/Materials/MaterialLayers/T_ML_Aluminum01.ubulk" 688
"C:/UnrealProjects/Anders_GP3/FG21FT_GP3_Team_06/GP3_2022_Team06/Content/FirstPerson/Character/Materials/MaterialLayers/ML_SoftMetal_UE4.uasset" 689
"C:/UnrealProjects/Anders_GP3/FG21FT_GP3_Team_06/GP3_2022_Team06/Content/FirstPerson/Character/Materials/MaterialLayers/ML_SoftMetal_UE4.uexp" 690
"C:/UnrealProjects/Anders_GP3/FG21FT_GP3_Team_06/GP3_2022_Team06/Content/FirstPerson/Character/Textures/UE4_LOGO_CARD.uasset" 691
"C:/UnrealProjects/Anders_GP3/FG21FT_GP3_Team_06/GP3_2022_Team06/Content/FirstPerson/Character/Textures/UE4_LOGO_CARD.uexp" 692
"C:/UnrealProjects/Anders_GP3/FG21FT_GP3_Team_06/GP3_2022_Team06/Content/FirstPerson/Character/Textures/UE4_LOGO_CARD.ubulk" 693
"C:/UnrealProjects/Anders_GP3/FG21FT_GP3_Team_06/GP3_2022_Team06/Content/FirstPerson/Character/Materials/MaterialLayers/ML_Plastic_Shiny_Beige_LOGO.uasset" 694
"C:/UnrealProjects/Anders_GP3/FG21FT_GP3_Team_06/GP3_2022_Team06/Content/FirstPerson/Character/Materials/MaterialLayers/ML_Plastic_Shiny_Beige_LOGO.uexp" 695
"C:/UnrealProjects/Anders_GP3/FG21FT_GP3_Team_06/GP3_2022_Team06/Content/FirstPerson/Character/Materials/MaterialLayers/ML_Plastic_Shiny_Beige.uasset" 696
"C:/UnrealProjects/Anders_GP3/FG21FT_GP3_Team_06/GP3_2022_Team06/Content/FirstPerson/Character/Materials/MaterialLayers/ML_Plastic_Shiny_Beige.uexp" 697
"C:/UnrealProjects/Anders_GP3/FG21FT_GP3_Team_06/GP3_2022_Team06/Content/FirstPerson/Character/Materials/MaterialLayers/T_ML_Rubber_Blue_01_N.uasset" 698
"C:/UnrealProjects/Anders_GP3/FG21FT_GP3_Team_06/GP3_2022_Team06/Content/FirstPerson/Character/Materials/MaterialLayers/T_ML_Rubber_Blue_01_N.uexp" 699
"C:/UnrealProjects/Anders_GP3/FG21FT_GP3_Team_06/GP3_2022_Team06/Content/FirstPerson/Character/Materials/MaterialLayers/T_ML_Rubber_Blue_01_N.ubulk" 700
"C:/UnrealProjects/Anders_GP3/FG21FT_GP3_Team_06/GP3_2022_Team06/Content/FirstPerson/Character/Materials/MaterialLayers/T_ML_Rubber_Blue_01_D.uasset" 701
"C:/UnrealProjects/Anders_GP3/FG21FT_GP3_Team_06/GP3_2022_Team06/Content/FirstPerson/Character/Materials/MaterialLayers/T_ML_Rubber_Blue_01_D.uexp" 702
"C:/UnrealProjects/Anders_GP3/FG21FT_GP3_Team_06/GP3_2022_Team06/Content/FirstPerson/Character/Materials/MaterialLayers/T_ML_Rubber_Blue_01_D.ubulk" 703
"C:/UnrealProjects/Anders_GP3/FG21FT_GP3_Team_06/GP3_2022_Team06/Content/FirstPerson/Character/Materials/MaterialLayers/ML_GlossyBlack_Latex_UE4.uasset" 704
"C:/UnrealProjects/Anders_GP3/FG21FT_GP3_Team_06/GP3_2022_Team06/Content/FirstPerson/Character/Materials/MaterialLayers/ML_GlossyBlack_Latex_UE4.uexp" 705
"../../../Engine/Content/Functions/MaterialLayerFunctions/MatLayerBlend_Simple.uasset" 706
"../../../Engine/Content/Functions/MaterialLayerFunctions/MatLayerBlend_Simple.uexp" 707
"../../../Engine/Content/Functions/Engine_MaterialFunctions02/Utility/BlendAngleCorrectedNormals.uasset" 708
"../../../Engine/Content/Functions/Engine_MaterialFunctions02/Utility/BlendAngleCorrectedNormals.uexp" 709
"../../../Engine/Content/Functions/MaterialLayerFunctions/MatLayerBlend_NormalBlend.uasset" 710
"../../../Engine/Content/Functions/MaterialLayerFunctions/MatLayerBlend_NormalBlend.uexp" 711
"C:/UnrealProjects/Anders_GP3/FG21FT_GP3_Team_06/GP3_2022_Team06/Content/FirstPerson/Character/Materials/M_UE4Man_Body.uasset" 712
"C:/UnrealProjects/Anders_GP3/FG21FT_GP3_Team_06/GP3_2022_Team06/Content/FirstPerson/Character/Materials/M_UE4Man_Body.uexp" 713
"C:/UnrealProjects/Anders_GP3/FG21FT_GP3_Team_06/GP3_2022_Team06/Content/FirstPerson/Character/Mesh/SK_Mannequin_Arms_Skeleton.uasset" 714
"C:/UnrealProjects/Anders_GP3/FG21FT_GP3_Team_06/GP3_2022_Team06/Content/FirstPerson/Character/Mesh/SK_Mannequin_Arms_Skeleton.uexp" 715
"C:/UnrealProjects/Anders_GP3/FG21FT_GP3_Team_06/GP3_2022_Team06/Content/FirstPerson/Character/Mesh/SK_Mannequin_Arms.uasset" 716
"C:/UnrealProjects/Anders_GP3/FG21FT_GP3_Team_06/GP3_2022_Team06/Content/FirstPerson/Character/Mesh/SK_Mannequin_Arms.uexp" 717
"C:/UnrealProjects/Anders_GP3/FG21FT_GP3_Team_06/GP3_2022_Team06/Content/FMOD/Events/player/footsteps.uasset" 718
"C:/UnrealProjects/Anders_GP3/FG21FT_GP3_Team_06/GP3_2022_Team06/Content/FMOD/Events/player/footsteps.uexp" 719
"../../../Engine/Content/Animation/DefaultAnimCurveCompressionSettings.uasset" 720
"../../../Engine/Content/Animation/DefaultAnimCurveCompressionSettings.uexp" 721
"../../../Engine/Content/Animation/DefaultAnimBoneCompressionSettings.uasset" 722
"../../../Engine/Content/Animation/DefaultAnimBoneCompressionSettings.uexp" 723
"C:/UnrealProjects/Anders_GP3/FG21FT_GP3_Team_06/GP3_2022_Team06/Content/FirstPerson/Animations/FirstPerson_Run.uasset" 724
"C:/UnrealProjects/Anders_GP3/FG21FT_GP3_Team_06/GP3_2022_Team06/Content/FirstPerson/Animations/FirstPerson_Run.uexp" 725
"C:/UnrealProjects/Anders_GP3/FG21FT_GP3_Team_06/GP3_2022_Team06/Content/FirstPerson/Animations/FirstPerson_JumpStart.uasset" 726
"C:/UnrealProjects/Anders_GP3/FG21FT_GP3_Team_06/GP3_2022_Team06/Content/FirstPerson/Animations/FirstPerson_JumpStart.uexp" 727
"C:/UnrealProjects/Anders_GP3/FG21FT_GP3_Team_06/GP3_2022_Team06/Content/FirstPerson/Animations/FirstPerson_JumpLoop.uasset" 728
"C:/UnrealProjects/Anders_GP3/FG21FT_GP3_Team_06/GP3_2022_Team06/Content/FirstPerson/Animations/FirstPerson_JumpLoop.uexp" 729
"C:/UnrealProjects/Anders_GP3/FG21FT_GP3_Team_06/GP3_2022_Team06/Content/FirstPerson/Animations/FirstPerson_JumpEnd.uasset" 730
"C:/UnrealProjects/Anders_GP3/FG21FT_GP3_Team_06/GP3_2022_Team06/Content/FirstPerson/Animations/FirstPerson_JumpEnd.uexp" 731
"C:/UnrealProjects/Anders_GP3/FG21FT_GP3_Team_06/GP3_2022_Team06/Content/FirstPerson/Animations/FirstPerson_Idle.uasset" 732
"C:/UnrealProjects/Anders_GP3/FG21FT_GP3_Team_06/GP3_2022_Team06/Content/FirstPerson/Animations/FirstPerson_Idle.uexp" 733
"C:/UnrealProjects/Anders_GP3/FG21FT_GP3_Team_06/GP3_2022_Team06/Content/FirstPerson/Animations/FirstPerson_AnimBP.uasset" 734
"C:/UnrealProjects/Anders_GP3/FG21FT_GP3_Team_06/GP3_2022_Team06/Content/FirstPerson/Animations/FirstPerson_AnimBP.uexp" 735
"C:/UnrealProjects/Anders_GP3/FG21FT_GP3_Team_06/GP3_2022_Team06/Content/Blueprints/Glitch/TargetType.uasset" 736
"C:/UnrealProjects/Anders_GP3/FG21FT_GP3_Team_06/GP3_2022_Team06/Content/Blueprints/Glitch/TargetType.uexp" 737
"../../../Engine/Plugins/FX/Niagara/Content/Enums/ENiagaraKillVolumeOptions.uasset" 738
"../../../Engine/Plugins/FX/Niagara/Content/Enums/ENiagaraKillVolumeOptions.uexp" 739
"../../../Engine/Plugins/FX/Niagara/Content/Functions/Localspace/OwnerAxes.uasset" 740
"../../../Engine/Plugins/FX/Niagara/Content/Functions/Localspace/OwnerAxes.uexp" 741
"../../../Engine/Plugins/FX/Niagara/Content/Functions/DirectionAndLengthSafe.uasset" 742
"../../../Engine/Plugins/FX/Niagara/Content/Functions/DirectionAndLengthSafe.uexp" 743
"../../../Engine/Plugins/FX/Niagara/Content/Functions/Helpers/IsPointInsideSphere.uasset" 744
"../../../Engine/Plugins/FX/Niagara/Content/Functions/Helpers/IsPointInsideSphere.uexp" 745
"../../../Engine/Plugins/FX/Niagara/Content/Functions/Helpers/IsPointInsideCone.uasset" 746
"../../../Engine/Plugins/FX/Niagara/Content/Functions/Helpers/IsPointInsideCone.uexp" 747
"../../../Engine/Plugins/FX/Niagara/Content/Functions/Helpers/IsPointAbovePlane.uasset" 748
"../../../Engine/Plugins/FX/Niagara/Content/Functions/Helpers/IsPointAbovePlane.uexp" 749
"../../../Engine/Plugins/FX/Niagara/Content/Functions/Helpers/IsPointBetweenSlabs.uasset" 750
"../../../Engine/Plugins/FX/Niagara/Content/Functions/Helpers/IsPointBetweenSlabs.uexp" 751
"../../../Engine/Plugins/FX/Niagara/Content/Functions/Helpers/IsPointInsideBox.uasset" 752
"../../../Engine/Plugins/FX/Niagara/Content/Functions/Helpers/IsPointInsideBox.uexp" 753
"../../../Engine/Plugins/FX/Niagara/Content/Functions/Localspace/TransformBase.uasset" 754
"../../../Engine/Plugins/FX/Niagara/Content/Functions/Localspace/TransformBase.uexp" 755
"../../../Engine/Plugins/FX/Niagara/Content/Functions/Localspace/TransformVector.uasset" 756
"../../../Engine/Plugins/FX/Niagara/Content/Functions/Localspace/TransformVector.uexp" 757
"../../../Engine/Plugins/FX/Niagara/Content/Functions/Localspace/SimulationPosition.uasset" 758
"../../../Engine/Plugins/FX/Niagara/Content/Functions/Localspace/SimulationPosition.uexp" 759
"../../../Engine/Plugins/FX/Niagara/Content/Modules/Update/Lifetime/KillParticlesInVolume.uasset" 760
"../../../Engine/Plugins/FX/Niagara/Content/Modules/Update/Lifetime/KillParticlesInVolume.uexp" 761
"../../../Engine/Plugins/FX/Niagara/Content/Modules/Spawn/Velocity/AddVelocity.uasset" 762
"../../../Engine/Plugins/FX/Niagara/Content/Modules/Spawn/Velocity/AddVelocity.uexp" 763
"../../../Engine/Plugins/FX/Niagara/Content/VectorFields/Assets/TilingCurl32.uasset" 764
"../../../Engine/Plugins/FX/Niagara/Content/VectorFields/Assets/TilingCurl32.uexp" 765
"../../../Engine/Plugins/FX/Niagara/Content/Enums/SpriteRenderer/ENiagara_ScaleSpriteSize.uasset" 766
"../../../Engine/Plugins/FX/Niagara/Content/Enums/SpriteRenderer/ENiagara_ScaleSpriteSize.uexp" 767
"../../../Engine/Plugins/FX/Niagara/Content/Enums/Ribbons/ENiagara_UnsetDirectSet.uasset" 768
"../../../Engine/Plugins/FX/Niagara/Content/Enums/Ribbons/ENiagara_UnsetDirectSet.uexp" 769
"../../../Engine/Plugins/FX/Niagara/Content/Enums/ENiagaraVertexSamplingMode.uasset" 770
"../../../Engine/Plugins/FX/Niagara/Content/Enums/ENiagaraVertexSamplingMode.uexp" 771
"../../../Engine/Plugins/FX/Niagara/Content/Enums/ENiagaraTriangleSamplingMode.uasset" 772
"../../../Engine/Plugins/FX/Niagara/Content/Enums/ENiagaraTriangleSamplingMode.uexp" 773
"../../../Engine/Plugins/FX/Niagara/Content/Enums/ENiagaraTorusMode.uasset" 774
"../../../Engine/Plugins/FX/Niagara/Content/Enums/ENiagaraTorusMode.uexp" 775
"../../../Engine/Plugins/FX/Niagara/Content/Enums/ENiagaraTorusDistributionMode.uasset" 776
"../../../Engine/Plugins/FX/Niagara/Content/Enums/ENiagaraTorusDistributionMode.uexp" 777
"../../../Engine/Plugins/FX/Niagara/Content/Enums/ENiagaraSphereDistributionMode.uasset" 778
"../../../Engine/Plugins/FX/Niagara/Content/Enums/ENiagaraSphereDistributionMode.uexp" 779
"../../../Engine/Plugins/FX/Niagara/Content/Enums/ENiagaraSocketSamplingMode.uasset" 780
"../../../Engine/Plugins/FX/Niagara/Content/Enums/ENiagaraSocketSamplingMode.uexp" 781
"../../../Engine/Plugins/FX/Niagara/Content/Enums/ENiagaraSkelSamplingModeFull.uasset" 782
"../../../Engine/Plugins/FX/Niagara/Content/Enums/ENiagaraSkelSamplingModeFull.uexp" 783
"../../../Engine/Plugins/FX/Niagara/Content/Enums/ENiagaraSkelMeshTransforms.uasset" 784
"../../../Engine/Plugins/FX/Niagara/Content/Enums/ENiagaraSkelMeshTransforms.uexp" 785
"../../../Engine/Plugins/FX/Niagara/Content/Enums/ENiagaraSkelMeshPositionSamplingMode.uasset" 786
"../../../Engine/Plugins/FX/Niagara/Content/Enums/ENiagaraSkelMeshPositionSamplingMode.uexp" 787
"../../../Engine/Plugins/FX/Niagara/Content/Enums/ENiagaraScaleColorMode.uasset" 788
"../../../Engine/Plugins/FX/Niagara/Content/Enums/ENiagaraScaleColorMode.uexp" 789
"../../../Engine/Plugins/FX/Niagara/Content/Enums/ENiagaraRandomnessEvaluation.uasset" 790
"../../../Engine/Plugins/FX/Niagara/Content/Enums/ENiagaraRandomnessEvaluation.uexp" 791
"../../../Engine/Plugins/FX/Niagara/Content/Enums/ENiagaraMassByVolume.uasset" 792
"../../../Engine/Plugins/FX/Niagara/Content/Enums/ENiagaraMassByVolume.uexp" 793
"../../../Engine/Plugins/FX/Niagara/Content/Enums/ENiagaraExpansionMode.uasset" 794
"../../../Engine/Plugins/FX/Niagara/Content/Enums/ENiagaraExpansionMode.uexp" 795
"../../../Engine/Plugins/FX/Niagara/Content/Enums/ENiagaraCurlNoiseQuality.uasset" 796
"../../../Engine/Plugins/FX/Niagara/Content/Enums/ENiagaraCurlNoiseQuality.uexp" 797
"../../../Engine/Plugins/FX/Niagara/Content/Enums/ENiagaraBoneSocketSamplingMode.uasset" 798
"../../../Engine/Plugins/FX/Niagara/Content/Enums/ENiagaraBoneSocketSamplingMode.uexp" 799
"../../../Engine/Plugins/FX/Niagara/Content/Enums/ENiagaraBoneSamplingMode.uasset" 800
"../../../Engine/Plugins/FX/Niagara/Content/Enums/ENiagaraBoneSamplingMode.uexp" 801
"../../../Engine/Plugins/FX/Niagara/Content/Enums/ENiagara_AttributeSamplingApplyOutput.uasset" 802
"../../../Engine/Plugins/FX/Niagara/Content/Enums/ENiagara_AttributeSamplingApplyOutput.uexp" 803
"../../../Engine/Plugins/FX/Niagara/Content/Modules/Update/Size/ScaleSpriteSize.uasset" 804
"../../../Engine/Plugins/FX/Niagara/Content/Modules/Update/Size/ScaleSpriteSize.uexp" 805
"../../../Engine/Plugins/FX/Niagara/Content/Modules/Update/Mass/CalculateSizeAndRotationalInertiaByMass.uasset" 806
"../../../Engine/Plugins/FX/Niagara/Content/Modules/Update/Mass/CalculateSizeAndRotationalInertiaByMass.uexp" 807
"../../../Engine/Plugins/FX/Niagara/Content/VectorFields/Assets/TilingCurl64.uasset" 808
"../../../Engine/Plugins/FX/Niagara/Content/VectorFields/Assets/TilingCurl64.uexp" 809
"../../../Engine/Plugins/FX/Niagara/Content/VectorFields/Assets/TilingCurl16.uasset" 810
"../../../Engine/Plugins/FX/Niagara/Content/VectorFields/Assets/TilingCurl16.uexp" 811
"../../../Engine/Plugins/FX/Niagara/Content/Functions/FindAngleBetweenVectors.uasset" 812
"../../../Engine/Plugins/FX/Niagara/Content/Functions/FindAngleBetweenVectors.uexp" 813
"../../../Engine/Plugins/FX/Niagara/Content/Functions/V2/RemapRange.uasset" 814
"../../../Engine/Plugins/FX/Niagara/Content/Functions/V2/RemapRange.uexp" 815
"../../../Engine/Plugins/FX/Niagara/Content/Functions/V2/ConeMask.uasset" 816
"../../../Engine/Plugins/FX/Niagara/Content/Functions/V2/ConeMask.uexp" 817
"../../../Engine/Plugins/FX/Niagara/Content/Functions/Localspace/TransformPosition.uasset" 818
"../../../Engine/Plugins/FX/Niagara/Content/Functions/Localspace/TransformPosition.uexp" 819
"../../../Engine/Plugins/FX/Niagara/Content/Modules/Update/Forces/V2/CurlNoiseForce.uasset" 820
"../../../Engine/Plugins/FX/Niagara/Content/Modules/Update/Forces/V2/CurlNoiseForce.uexp" 821
"../../../Engine/Plugins/FX/Niagara/Content/Modules/Update/Forces/GravityForce.uasset" 822
"../../../Engine/Plugins/FX/Niagara/Content/Modules/Update/Forces/GravityForce.uexp" 823
"../../../Engine/Plugins/FX/Niagara/Content/Modules/Update/Forces/Drag.uasset" 824
"../../../Engine/Plugins/FX/Niagara/Content/Modules/Update/Forces/Drag.uexp" 825
"../../../Engine/Plugins/FX/Niagara/Content/Modules/Update/Color/ScaleColor.uasset" 826
"../../../Engine/Plugins/FX/Niagara/Content/Modules/Update/Color/ScaleColor.uexp" 827
"../../../Engine/Plugins/FX/Niagara/Content/Modules/Update/Color/Color.uasset" 828
"../../../Engine/Plugins/FX/Niagara/Content/Modules/Update/Color/Color.uexp" 829
"../../../Engine/Plugins/FX/Niagara/Content/Enums/ENiagaraRandomnessMode.uasset" 830
"../../../Engine/Plugins/FX/Niagara/Content/Enums/ENiagaraRandomnessMode.uexp" 831
"../../../Engine/Plugins/FX/Niagara/Content/Functions/GetRandomInfo.uasset" 832
"../../../Engine/Plugins/FX/Niagara/Content/Functions/GetRandomInfo.uexp" 833
"../../../Engine/Plugins/FX/Niagara/Content/Functions/RandomRangeFloat.uasset" 834
"../../../Engine/Plugins/FX/Niagara/Content/Functions/RandomRangeFloat.uexp" 835
"../../../Engine/Plugins/FX/Niagara/Content/Functions/RandomUnitVector.uasset" 836
"../../../Engine/Plugins/FX/Niagara/Content/Functions/RandomUnitVector.uexp" 837
"../../../Engine/Plugins/FX/Niagara/Content/Functions/RandomVector.uasset" 838
"../../../Engine/Plugins/FX/Niagara/Content/Functions/RandomVector.uexp" 839
"../../../Engine/Plugins/FX/Niagara/Content/Functions/NormalizeDistanceRange.uasset" 840
"../../../Engine/Plugins/FX/Niagara/Content/Functions/NormalizeDistanceRange.uexp" 841
"../../../Engine/Plugins/FX/Niagara/Content/Functions/DistanceBasedFalloff.uasset" 842
"../../../Engine/Plugins/FX/Niagara/Content/Functions/DistanceBasedFalloff.uexp" 843
"../../../Engine/Plugins/FX/Niagara/Content/Modules/Spawn/Velocity/AddVelocityFromPoint.uasset" 844
"../../../Engine/Plugins/FX/Niagara/Content/Modules/Spawn/Velocity/AddVelocityFromPoint.uexp" 845
"../../../Engine/Plugins/FX/Niagara/Content/Functions/V2/CalculateRandomRange.uasset" 846
"../../../Engine/Plugins/FX/Niagara/Content/Functions/V2/CalculateRandomRange.uexp" 847
"../../../Engine/Plugins/FX/Niagara/Content/Functions/V2/CalculateRandomPointInSphere.uasset" 848
"../../../Engine/Plugins/FX/Niagara/Content/Functions/V2/CalculateRandomPointInSphere.uexp" 849
"../../../Engine/Plugins/FX/Niagara/Content/Functions/SphericalToCartesianCoordinates.uasset" 850
"../../../Engine/Plugins/FX/Niagara/Content/Functions/SphericalToCartesianCoordinates.uexp" 851
"../../../Engine/Plugins/FX/Niagara/Content/Functions/Rotation/MultiplyVectorWithQuaternion.uasset" 852
"../../../Engine/Plugins/FX/Niagara/Content/Functions/Rotation/MultiplyVectorWithQuaternion.uexp" 853
"../../../Engine/Plugins/FX/Niagara/Content/Functions/Rotation/FindQuatBetween.uasset" 854
"../../../Engine/Plugins/FX/Niagara/Content/Functions/Rotation/FindQuatBetween.uexp" 855
"../../../Engine/Plugins/FX/Niagara/Content/Modules/Spawn/Location/V2/SphereLocation.uasset" 856
"../../../Engine/Plugins/FX/Niagara/Content/Modules/Spawn/Location/V2/SphereLocation.uexp" 857
"../../../Engine/Plugins/FX/Niagara/Content/Functions/Rotation/MatrixToQuaternion.uasset" 858
"../../../Engine/Plugins/FX/Niagara/Content/Functions/Rotation/MatrixToQuaternion.uexp" 859
"../../../Engine/Plugins/FX/Niagara/Content/Functions/Rotation/MakeQuaternionFrom3BasisVectors.uasset" 860
"../../../Engine/Plugins/FX/Niagara/Content/Functions/Rotation/MakeQuaternionFrom3BasisVectors.uexp" 861
"../../../Engine/Plugins/FX/Niagara/Content/Functions/Rotation/InvertQuaternion.uasset" 862
"../../../Engine/Plugins/FX/Niagara/Content/Functions/Rotation/InvertQuaternion.uexp" 863
"../../../Engine/Plugins/FX/Niagara/Content/Functions/Rotation/MultiplyQuaternion.uasset" 864
"../../../Engine/Plugins/FX/Niagara/Content/Functions/Rotation/MultiplyQuaternion.uexp" 865
"../../../Engine/Plugins/FX/Niagara/Content/Functions/V2/CalculateRandomRangeInteger.uasset" 866
"../../../Engine/Plugins/FX/Niagara/Content/Functions/V2/CalculateRandomRangeInteger.uexp" 867
"../../../Engine/Plugins/FX/Niagara/Content/Enums/ENiagaraMeshTransforms.uasset" 868
"../../../Engine/Plugins/FX/Niagara/Content/Enums/ENiagaraMeshTransforms.uexp" 869
"../../../Engine/Plugins/FX/Niagara/Content/Modules/Spawn/Location/V2/SkeletalMeshLocation.uasset" 870
"../../../Engine/Plugins/FX/Niagara/Content/Modules/Spawn/Location/V2/SkeletalMeshLocation.uexp" 871
"../../../Engine/Plugins/FX/Niagara/Content/Functions/RandomRange.uasset" 872
"../../../Engine/Plugins/FX/Niagara/Content/Functions/RandomRange.uexp" 873
"../../../Engine/Plugins/FX/Niagara/Content/Functions/PolarToCartesianCoordinates.uasset" 874
"../../../Engine/Plugins/FX/Niagara/Content/Functions/PolarToCartesianCoordinates.uexp" 875
"../../../Engine/Plugins/FX/Niagara/Content/Functions/ParametricTorusKnot.uasset" 876
"../../../Engine/Plugins/FX/Niagara/Content/Functions/ParametricTorusKnot.uexp" 877
"../../../Engine/Plugins/FX/Niagara/Content/Functions/ParametricTorus.uasset" 878
"../../../Engine/Plugins/FX/Niagara/Content/Functions/ParametricTorus.uexp" 879
"../../../Engine/Plugins/FX/Niagara/Content/Functions/Rotation/AxisAngleToQuaternion.uasset" 880
"../../../Engine/Plugins/FX/Niagara/Content/Functions/Rotation/AxisAngleToQuaternion.uexp" 881
"../../../Engine/Plugins/FX/Niagara/Content/Modules/Spawn/Location/TorusLocation.uasset" 882
"../../../Engine/Plugins/FX/Niagara/Content/Modules/Spawn/Location/TorusLocation.uexp" 883
"../../../Engine/Plugins/FX/Niagara/Content/Functions/LinearColor/HueShiftLinearColor.uasset" 884
"../../../Engine/Plugins/FX/Niagara/Content/Functions/LinearColor/HueShiftLinearColor.uexp" 885
"../../../Engine/Plugins/FX/Niagara/Content/Functions/V2/CalculateRandomRangeFloat.uasset" 886
"../../../Engine/Plugins/FX/Niagara/Content/Functions/V2/CalculateRandomRangeFloat.uexp" 887
"../../../Engine/Plugins/FX/Niagara/Content/Enums/ENiagaraChannelCorrelation.uasset" 888
"../../../Engine/Plugins/FX/Niagara/Content/Enums/ENiagaraChannelCorrelation.uexp" 889
"../../../Engine/Plugins/FX/Niagara/Content/Enums/ENiagara_PositionInitializationMode.uasset" 890
"../../../Engine/Plugins/FX/Niagara/Content/Enums/ENiagara_PositionInitializationMode.uexp" 891
"../../../Engine/Plugins/FX/Niagara/Content/Enums/ENiagara_MassInitializationMode.uasset" 892
"../../../Engine/Plugins/FX/Niagara/Content/Enums/ENiagara_MassInitializationMode.uexp" 893
"../../../Engine/Plugins/FX/Niagara/Content/Enums/ENiagara_LifetimeMode.uasset" 894
"../../../Engine/Plugins/FX/Niagara/Content/Enums/ENiagara_LifetimeMode.uexp" 895
"../../../Engine/Plugins/FX/Niagara/Content/Enums/ENiagara_ColorInitializationMode.uasset" 896
"../../../Engine/Plugins/FX/Niagara/Content/Enums/ENiagara_ColorInitializationMode.uexp" 897
"../../../Engine/Plugins/FX/Niagara/Content/Modules/Spawn/Initialization/InitializeRibbon.uasset" 898
"../../../Engine/Plugins/FX/Niagara/Content/Modules/Spawn/Initialization/InitializeRibbon.uexp" 899
"../../../Engine/Plugins/FX/Niagara/Content/Modules/Solvers/SolveForcesAndVelocity.uasset" 900
"../../../Engine/Plugins/FX/Niagara/Content/Modules/Solvers/SolveForcesAndVelocity.uexp" 901
"../../../Engine/Plugins/FX/Niagara/Content/Modules/Emitter/SpawnRate.uasset" 902
"../../../Engine/Plugins/FX/Niagara/Content/Modules/Emitter/SpawnRate.uexp" 903
"../../../Engine/Plugins/FX/Niagara/Content/DynamicInputs/ValueFromCurve/VectorFromCurve.uasset" 904
"../../../Engine/Plugins/FX/Niagara/Content/DynamicInputs/ValueFromCurve/VectorFromCurve.uexp" 905
"../../../Engine/Plugins/FX/Niagara/Content/DynamicInputs/ValueFromCurve/FloatFromCurve.uasset" 906
"../../../Engine/Plugins/FX/Niagara/Content/DynamicInputs/ValueFromCurve/FloatFromCurve.uexp" 907
"../../../Engine/Plugins/FX/Niagara/Content/DynamicInputs/UniformRange/V2/RandomRangeVector2D.uasset" 908
"../../../Engine/Plugins/FX/Niagara/Content/DynamicInputs/UniformRange/V2/RandomRangeVector2D.uexp" 909
"../../../Engine/Plugins/FX/Niagara/Content/DynamicInputs/UniformRange/V2/RandomRangeVector.uasset" 910
"../../../Engine/Plugins/FX/Niagara/Content/DynamicInputs/UniformRange/V2/RandomRangeVector.uexp" 911
"../../../Engine/Plugins/FX/Niagara/Content/DynamicInputs/UniformRange/V2/RandomRangeFloat.uasset" 912
"../../../Engine/Plugins/FX/Niagara/Content/DynamicInputs/UniformRange/V2/RandomRangeFloat.uexp" 913
"../../../Engine/Plugins/FX/Niagara/Content/DynamicInputs/TypeConversions/Vector2DFromFloat.uasset" 914
"../../../Engine/Plugins/FX/Niagara/Content/DynamicInputs/TypeConversions/Vector2DFromFloat.uexp" 915
"../../../Engine/Plugins/FX/Niagara/Content/DynamicInputs/Multiply/Multiply_VectorByFloat.uasset" 916
"../../../Engine/Plugins/FX/Niagara/Content/DynamicInputs/Multiply/Multiply_VectorByFloat.uexp" 917
"../../../Engine/Plugins/FX/Niagara/Content/DynamicInputs/LinearColor/MultiplyLinearColor.uasset" 918
"../../../Engine/Plugins/FX/Niagara/Content/DynamicInputs/LinearColor/MultiplyLinearColor.uexp" 919
"../../../Engine/Plugins/FX/Niagara/Content/DynamicInputs/Lerp/Lerp_Float.uasset" 920
"../../../Engine/Plugins/FX/Niagara/Content/DynamicInputs/Lerp/Lerp_Float.uexp" 921
"../../../Engine/Plugins/FX/Niagara/Content/DynamicInputs/Helpers/SimulationPosition.uasset" 922
"../../../Engine/Plugins/FX/Niagara/Content/DynamicInputs/Helpers/SimulationPosition.uexp" 923
"../../../Engine/Plugins/FX/Niagara/Content/Functions/NormalizedExecutionIndex.uasset" 924
"../../../Engine/Plugins/FX/Niagara/Content/Functions/NormalizedExecutionIndex.uexp" 925
"../../../Engine/Plugins/FX/Niagara/Content/DynamicInputs/Execution/ReturnNormalizedExecIndex.uasset" 926
"../../../Engine/Plugins/FX/Niagara/Content/DynamicInputs/Execution/ReturnNormalizedExecIndex.uexp" 927
"../../../Engine/Plugins/FX/Niagara/Content/DynamicInputs/Divide/Divide_Float.uasset" 928
"../../../Engine/Plugins/FX/Niagara/Content/DynamicInputs/Divide/Divide_Float.uexp" 929
"../../../Engine/Plugins/FX/Niagara/Content/Functions/RandomPointInBox.uasset" 930
"../../../Engine/Plugins/FX/Niagara/Content/Functions/RandomPointInBox.uexp" 931
"../../../Engine/Plugins/FX/Niagara/Content/Functions/IsolateLongestVectorComponent.uasset" 932
"../../../Engine/Plugins/FX/Niagara/Content/Functions/IsolateLongestVectorComponent.uexp" 933
"../../../Engine/Plugins/FX/Niagara/Content/Functions/Rotation/RotateAngleOnAxis.uasset" 934
"../../../Engine/Plugins/FX/Niagara/Content/Functions/Rotation/RotateAngleOnAxis.uexp" 935
"../../../Engine/Plugins/FX/Niagara/Content/Modules/Spawn/Location/BoxLocation.uasset" 936
"../../../Engine/Plugins/FX/Niagara/Content/Modules/Spawn/Location/BoxLocation.uexp" 937
"../../../Engine/Plugins/FX/Niagara/Content/Enums/Ribbons/ENiagara_UnsetDirectSetRandom.uasset" 938
"../../../Engine/Plugins/FX/Niagara/Content/Enums/Ribbons/ENiagara_UnsetDirectSetRandom.uexp" 939
"../../../Engine/Plugins/FX/Niagara/Content/Enums/ENiagaraSystemInactiveMode.uasset" 940
"../../../Engine/Plugins/FX/Niagara/Content/Enums/ENiagaraSystemInactiveMode.uexp" 941
"../../../Engine/Plugins/FX/Niagara/Content/Enums/ENiagaraInactiveMode.uasset" 942
"../../../Engine/Plugins/FX/Niagara/Content/Enums/ENiagaraInactiveMode.uexp" 943
"../../../Engine/Plugins/FX/Niagara/Content/Enums/ENiagaraEmitterScalabilityMode_Limited.uasset" 944
"../../../Engine/Plugins/FX/Niagara/Content/Enums/ENiagaraEmitterScalabilityMode_Limited.uexp" 945
"../../../Engine/Plugins/FX/Niagara/Content/Enums/ENiagaraEmitterLifeCycleMode.uasset" 946
"../../../Engine/Plugins/FX/Niagara/Content/Enums/ENiagaraEmitterLifeCycleMode.uexp" 947
"../../../Engine/Plugins/FX/Niagara/Content/Enums/ENiagara_UVFlippingMode.uasset" 948
"../../../Engine/Plugins/FX/Niagara/Content/Enums/ENiagara_UVFlippingMode.uexp" 949
"../../../Engine/Plugins/FX/Niagara/Content/Enums/ENiagara_SpriteRotationMode.uasset" 950
"../../../Engine/Plugins/FX/Niagara/Content/Enums/ENiagara_SpriteRotationMode.uexp" 951
"../../../Engine/Plugins/FX/Niagara/Content/Enums/ENiagara_SizeScaleMode.uasset" 952
"../../../Engine/Plugins/FX/Niagara/Content/Enums/ENiagara_SizeScaleMode.uexp" 953
"../../../Engine/Plugins/FX/Niagara/Content/Enums/ENiagara_InfiniteLoopDuration.uasset" 954
"../../../Engine/Plugins/FX/Niagara/Content/Enums/ENiagara_InfiniteLoopDuration.uexp" 955
"../../../Engine/Plugins/FX/Niagara/Content/Enums/ENiagara_EmitterStateOptions.uasset" 956
"../../../Engine/Plugins/FX/Niagara/Content/Enums/ENiagara_EmitterStateOptions.uexp" 957
"../../../Engine/Plugins/FX/Niagara/Content/Modules/Update/Lifetime/ParticleState.uasset" 958
"../../../Engine/Plugins/FX/Niagara/Content/Modules/Update/Lifetime/ParticleState.uexp" 959
"../../../Engine/Plugins/FX/Niagara/Content/Functions/System/SystemChangeState.uasset" 960
"../../../Engine/Plugins/FX/Niagara/Content/Functions/System/SystemChangeState.uexp" 961
"../../../Engine/Plugins/FX/Niagara/Content/Modules/System/SystemState.uasset" 962
"../../../Engine/Plugins/FX/Niagara/Content/Modules/System/SystemState.uexp" 963
"../../../Engine/Plugins/FX/Niagara/Content/Functions/V2/CalculateRandomBool.uasset" 964
"../../../Engine/Plugins/FX/Niagara/Content/Functions/V2/CalculateRandomBool.uexp" 965
"../../../Engine/Plugins/FX/Niagara/Content/Modules/Spawn/Initialization/V2/InitializeParticle.uasset" 966
"../../../Engine/Plugins/FX/Niagara/Content/Modules/Spawn/Initialization/V2/InitializeParticle.uexp" 967
"../../../Engine/Plugins/FX/Niagara/Content/Modules/Emitter/SpawnBurst_Instantaneous.uasset" 968
"../../../Engine/Plugins/FX/Niagara/Content/Modules/Emitter/SpawnBurst_Instantaneous.uexp" 969
"../../../Engine/Plugins/FX/Niagara/Content/Functions/Emitter/EmitterChangeState.uasset" 970
"../../../Engine/Plugins/FX/Niagara/Content/Functions/Emitter/EmitterChangeState.uexp" 971
"../../../Engine/Plugins/FX/Niagara/Content/Enums/ENiagaraExecutionStateManagement.uasset" 972
"../../../Engine/Plugins/FX/Niagara/Content/Enums/ENiagaraExecutionStateManagement.uexp" 973
"../../../Engine/Plugins/FX/Niagara/Content/Modules/Emitter/EmitterState.uasset" 974
"../../../Engine/Plugins/FX/Niagara/Content/Modules/Emitter/EmitterState.uexp" 975
"C:/UnrealProjects/Anders_GP3/FG21FT_GP3_Team_06/GP3_2022_Team06/Content/Textures/T_Glitch.uasset" 976
"C:/UnrealProjects/Anders_GP3/FG21FT_GP3_Team_06/GP3_2022_Team06/Content/Textures/T_Glitch.uexp" 977
"C:/UnrealProjects/Anders_GP3/FG21FT_GP3_Team_06/GP3_2022_Team06/Content/Materials/M_GlitchParticle.uasset" 978
"C:/UnrealProjects/Anders_GP3/FG21FT_GP3_Team_06/GP3_2022_Team06/Content/Materials/M_GlitchParticle.uexp" 979
"C:/UnrealProjects/Anders_GP3/FG21FT_GP3_Team_06/GP3_2022_Team06/Content/Materials/CubeParticleMaterial.uasset" 980
"C:/UnrealProjects/Anders_GP3/FG21FT_GP3_Team_06/GP3_2022_Team06/Content/Materials/CubeParticleMaterial.uexp" 981
"C:/UnrealProjects/Anders_GP3/FG21FT_GP3_Team_06/GP3_2022_Team06/Content/Materials/M_GlitchBody.uasset" 982
"C:/UnrealProjects/Anders_GP3/FG21FT_GP3_Team_06/GP3_2022_Team06/Content/Materials/M_GlitchBody.uexp" 983
"C:/UnrealProjects/Anders_GP3/FG21FT_GP3_Team_06/GP3_2022_Team06/Content/VFX/Glitch/FXS_GlitchParticles_Dash_Upward.uasset" 984
"C:/UnrealProjects/Anders_GP3/FG21FT_GP3_Team_06/GP3_2022_Team06/Content/VFX/Glitch/FXS_GlitchParticles_Dash_Upward.uexp" 985
"../../../Engine/Plugins/FX/Niagara/Content/Functions/Math/RemapValueRange.uasset" 986
"../../../Engine/Plugins/FX/Niagara/Content/Functions/Math/RemapValueRange.uexp" 987
"../../../Engine/Plugins/FX/Niagara/Content/Functions/RandomVectorInCone.uasset" 988
"../../../Engine/Plugins/FX/Niagara/Content/Functions/RandomVectorInCone.uexp" 989
"../../../Engine/Plugins/FX/Niagara/Content/Modules/Spawn/Velocity/AddVelocityInCone.uasset" 990
"../../../Engine/Plugins/FX/Niagara/Content/Modules/Spawn/Velocity/AddVelocityInCone.uexp" 991
"../../../Engine/Plugins/FX/Niagara/Content/DefaultAssets/DefaultSpriteMaterial.uasset" 992
"../../../Engine/Plugins/FX/Niagara/Content/DefaultAssets/DefaultSpriteMaterial.uexp" 993
"../../../Engine/Plugins/FX/Niagara/Content/DynamicInputs/Multiply/Multiply_Vector.uasset" 994
"../../../Engine/Plugins/FX/Niagara/Content/DynamicInputs/Multiply/Multiply_Vector.uexp" 995
"../../../Engine/Plugins/FX/Niagara/Content/DynamicInputs/Add/Add_Vector.uasset" 996
"../../../Engine/Plugins/FX/Niagara/Content/DynamicInputs/Add/Add_Vector.uexp" 997
"C:/UnrealProjects/Anders_GP3/FG21FT_GP3_Team_06/GP3_2022_Team06/Content/VFX/Glitch/FXS_GlitchParticles_Dash_Short_Green.uasset" 998
"C:/UnrealProjects/Anders_GP3/FG21FT_GP3_Team_06/GP3_2022_Team06/Content/VFX/Glitch/FXS_GlitchParticles_Dash_Short_Green.uexp" 999
"../../../Engine/Plugins/FX/Niagara/Content/DynamicInputs/Vectors/NegateVector.uasset" 1000
"../../../Engine/Plugins/FX/Niagara/Content/DynamicInputs/Vectors/NegateVector.uexp" 1001
"C:/UnrealProjects/Anders_GP3/FG21FT_GP3_Team_06/GP3_2022_Team06/Content/VFX/Glitch/FXS_GlitchParticles_Dash.uasset" 1002
"C:/UnrealProjects/Anders_GP3/FG21FT_GP3_Team_06/GP3_2022_Team06/Content/VFX/Glitch/FXS_GlitchParticles_Dash.uexp" 1003
"C:/UnrealProjects/Anders_GP3/FG21FT_GP3_Team_06/GP3_2022_Team06/Content/VFX/Glitch/FXS_GlitchParticles.uasset" 1004
"C:/UnrealProjects/Anders_GP3/FG21FT_GP3_Team_06/GP3_2022_Team06/Content/VFX/Glitch/FXS_GlitchParticles.uexp" 1005
"../../../Engine/Content/EngineMaterials/DefaultNormal.uasset" 1006
"../../../Engine/Content/EngineMaterials/DefaultNormal.uexp" 1007
"../../../Engine/Content/EngineMaterials/DefaultNormal.ubulk" 1008
"C:/UnrealProjects/Anders_GP3/FG21FT_GP3_Team_06/GP3_2022_Team06/Content/Materials/ML_GlitchLayer.uasset" 1009
"C:/UnrealProjects/Anders_GP3/FG21FT_GP3_Team_06/GP3_2022_Team06/Content/Materials/ML_GlitchLayer.uexp" 1010
"C:/UnrealProjects/Anders_GP3/FG21FT_GP3_Team_06/GP3_2022_Team06/Content/Materials/M_FirstPersonBody.uasset" 1011
"C:/UnrealProjects/Anders_GP3/FG21FT_GP3_Team_06/GP3_2022_Team06/Content/Materials/M_FirstPersonBody.uexp" 1012
"C:/UnrealProjects/Anders_GP3/FG21FT_GP3_Team_06/GP3_2022_Team06/Content/FMOD/Events/player/glitchdash_upward.uasset" 1013
"C:/UnrealProjects/Anders_GP3/FG21FT_GP3_Team_06/GP3_2022_Team06/Content/FMOD/Events/player/glitchdash_upward.uexp" 1014
"C:/UnrealProjects/Anders_GP3/FG21FT_GP3_Team_06/GP3_2022_Team06/Content/FMOD/Events/player/glitchdash_forward.uasset" 1015
"C:/UnrealProjects/Anders_GP3/FG21FT_GP3_Team_06/GP3_2022_Team06/Content/FMOD/Events/player/glitchdash_forward.uexp" 1016
"C:/UnrealProjects/Anders_GP3/FG21FT_GP3_Team_06/GP3_2022_Team06/Content/VFX/Glitch/GlitchTargetShakeSequence.uasset" 1017
"C:/UnrealProjects/Anders_GP3/FG21FT_GP3_Team_06/GP3_2022_Team06/Content/VFX/Glitch/GlitchTargetShakeSequence.uexp" 1018
"C:/UnrealProjects/Anders_GP3/FG21FT_GP3_Team_06/GP3_2022_Team06/Content/Blueprints/Glitch/CamShake_GlitchTarget.uasset" 1019
"C:/UnrealProjects/Anders_GP3/FG21FT_GP3_Team_06/GP3_2022_Team06/Content/Blueprints/Glitch/CamShake_GlitchTarget.uexp" 1020
"C:/UnrealProjects/Anders_GP3/FG21FT_GP3_Team_06/GP3_2022_Team06/Content/2D_Assets/UI_Assets/ICONS/HUDIcon/glitchToTarget_activate_.uasset" 1021
"C:/UnrealProjects/Anders_GP3/FG21FT_GP3_Team_06/GP3_2022_Team06/Content/2D_Assets/UI_Assets/ICONS/HUDIcon/glitchToTarget_activate_.uexp" 1022
"C:/UnrealProjects/Anders_GP3/FG21FT_GP3_Team_06/GP3_2022_Team06/Content/2D_Assets/UI_Assets/ICONS/HUDIcon/glitchThrough_tooFar_.uasset" 1023
"C:/UnrealProjects/Anders_GP3/FG21FT_GP3_Team_06/GP3_2022_Team06/Content/2D_Assets/UI_Assets/ICONS/HUDIcon/glitchThrough_tooFar_.uexp" 1024
"C:/UnrealProjects/Anders_GP3/FG21FT_GP3_Team_06/GP3_2022_Team06/Content/2D_Assets/UI_Assets/ICONS/HUDIcon/glitchThrough_activate_.uasset" 1025
"C:/UnrealProjects/Anders_GP3/FG21FT_GP3_Team_06/GP3_2022_Team06/Content/2D_Assets/UI_Assets/ICONS/HUDIcon/glitchThrough_activate_.uexp" 1026
"C:/UnrealProjects/Anders_GP3/FG21FT_GP3_Team_06/GP3_2022_Team06/Content/2D_Assets/UI_Assets/ICONS/HUDIcon/aim.uasset" 1027
"C:/UnrealProjects/Anders_GP3/FG21FT_GP3_Team_06/GP3_2022_Team06/Content/2D_Assets/UI_Assets/ICONS/HUDIcon/aim.uexp" 1028
"C:/UnrealProjects/Anders_GP3/FG21FT_GP3_Team_06/GP3_2022_Team06/Content/Blueprints/Glitch/WBP_GlitchCrosshairWidget.uasset" 1029
"C:/UnrealProjects/Anders_GP3/FG21FT_GP3_Team_06/GP3_2022_Team06/Content/Blueprints/Glitch/WBP_GlitchCrosshairWidget.uexp" 1030
"C:/UnrealProjects/Anders_GP3/FG21FT_GP3_Team_06/GP3_2022_Team06/Content/Blueprints/Glitch/CS_Dash.uasset" 1031
"C:/UnrealProjects/Anders_GP3/FG21FT_GP3_Team_06/GP3_2022_Team06/Content/Blueprints/Glitch/CS_Dash.uexp" 1032
"C:/UnrealProjects/Anders_GP3/FG21FT_GP3_Team_06/GP3_2022_Team06/Content/Blueprints/Glitch/BP_GlitchComponent.uasset" 1033
"C:/UnrealProjects/Anders_GP3/FG21FT_GP3_Team_06/GP3_2022_Team06/Content/Blueprints/Glitch/BP_GlitchComponent.uexp" 1034
"C:/UnrealProjects/Anders_GP3/FG21FT_GP3_Team_06/GP3_2022_Team06/Content/Blueprints/Player/BP_FirstPersonCharacter_Glitch.uasset" 1035
"C:/UnrealProjects/Anders_GP3/FG21FT_GP3_Team_06/GP3_2022_Team06/Content/Blueprints/Player/BP_FirstPersonCharacter_Glitch.uexp" 1036
"C:/UnrealProjects/Anders_GP3/FG21FT_GP3_Team_06/GP3_2022_Team06/Content/StarterContent/Materials/M_Basic_Wall.uasset" 1037
"C:/UnrealProjects/Anders_GP3/FG21FT_GP3_Team_06/GP3_2022_Team06/Content/StarterContent/Materials/M_Basic_Wall.uexp" 1038
"C:/UnrealProjects/Anders_GP3/FG21FT_GP3_Team_06/GP3_2022_Team06/Content/StarterContent/Shapes/Shape_Plane.uasset" 1039
"C:/UnrealProjects/Anders_GP3/FG21FT_GP3_Team_06/GP3_2022_Team06/Content/StarterContent/Shapes/Shape_Plane.uexp" 1040
"C:/UnrealProjects/Anders_GP3/FG21FT_GP3_Team_06/GP3_2022_Team06/Content/Materials/M_PP_Glitch.uasset" 1041
"C:/UnrealProjects/Anders_GP3/FG21FT_GP3_Team_06/GP3_2022_Team06/Content/Materials/M_PP_Glitch.uexp" 1042
"C:/UnrealProjects/Anders_GP3/FG21FT_GP3_Team_06/GP3_2022_Team06/Content/Materials/MI_PP_Glitch.uasset" 1043
"C:/UnrealProjects/Anders_GP3/FG21FT_GP3_Team_06/GP3_2022_Team06/Content/Materials/MI_PP_Glitch.uexp" 1044
"C:/UnrealProjects/Anders_GP3/FG21FT_GP3_Team_06/GP3_2022_Team06/Content/Materials/M_Door.uasset" 1045
"C:/UnrealProjects/Anders_GP3/FG21FT_GP3_Team_06/GP3_2022_Team06/Content/Materials/M_Door.uexp" 1046
"C:/UnrealProjects/Anders_GP3/FG21FT_GP3_Team_06/GP3_2022_Team06/Content/3D_Assets/SM_PortalDoor_Frame.uasset" 1047
"C:/UnrealProjects/Anders_GP3/FG21FT_GP3_Team_06/GP3_2022_Team06/Content/3D_Assets/SM_PortalDoor_Frame.uexp" 1048
"C:/UnrealProjects/Anders_GP3/FG21FT_GP3_Team_06/GP3_2022_Team06/Content/3D_Assets/SM_PortalDoor.uasset" 1049
"C:/UnrealProjects/Anders_GP3/FG21FT_GP3_Team_06/GP3_2022_Team06/Content/3D_Assets/SM_PortalDoor.uexp" 1050
"C:/UnrealProjects/Anders_GP3/FG21FT_GP3_Team_06/GP3_2022_Team06/Content/Blueprints/BP_PortalDoor.uasset" 1051
"C:/UnrealProjects/Anders_GP3/FG21FT_GP3_Team_06/GP3_2022_Team06/Content/Blueprints/BP_PortalDoor.uexp" 1052
"C:/UnrealProjects/Anders_GP3/FG21FT_GP3_Team_06/GP3_2022_Team06/Content/Levels/AndersTestLevel2.uexp" 1053
"C:/UnrealProjects/Anders_GP3/FG21FT_GP3_Team_06/GP3_2022_Team06/Content/Levels/AndersTestLevel2.umap" 1054
"../../../Engine/Content/Maps/Entry_BuiltData.uasset" 1055
"../../../Engine/Content/Maps/Entry_BuiltData.uexp" 1056
"../../../Engine/Content/Maps/Entry.uexp" 1057
"../../../Engine/Content/Maps/Entry.umap" 1058
